INFO - 2024-09-19 00:52:19 --> Session: Class initialized using 'CodeIgniter\Session\Handlers\FileHandler' driver.
INFO - 2024-09-19 00:52:33 --> Session: Class initialized using 'CodeIgniter\Session\Handlers\FileHandler' driver.
INFO - 2024-09-19 00:52:34 --> Session: Class initialized using 'CodeIgniter\Session\Handlers\FileHandler' driver.
INFO - 2024-09-19 00:52:51 --> Session: Class initialized using 'CodeIgniter\Session\Handlers\FileHandler' driver.
INFO - 2024-09-19 00:55:41 --> Session: Class initialized using 'CodeIgniter\Session\Handlers\FileHandler' driver.
INFO - 2024-09-19 00:56:29 --> Session: Class initialized using 'CodeIgniter\Session\Handlers\FileHandler' driver.
INFO - 2024-09-19 01:00:40 --> Session: Class initialized using 'CodeIgniter\Session\Handlers\FileHandler' driver.
INFO - 2024-09-19 01:02:14 --> Session: Class initialized using 'CodeIgniter\Session\Handlers\FileHandler' driver.
INFO - 2024-09-19 01:03:49 --> Session: Class initialized using 'CodeIgniter\Session\Handlers\FileHandler' driver.
INFO - 2024-09-19 01:04:09 --> Session: Class initialized using 'CodeIgniter\Session\Handlers\FileHandler' driver.
INFO - 2024-09-19 01:04:29 --> Session: Class initialized using 'CodeIgniter\Session\Handlers\FileHandler' driver.
INFO - 2024-09-19 01:04:54 --> Session: Class initialized using 'CodeIgniter\Session\Handlers\FileHandler' driver.
INFO - 2024-09-19 01:08:09 --> Session: Class initialized using 'CodeIgniter\Session\Handlers\FileHandler' driver.
INFO - 2024-09-19 01:08:24 --> Session: Class initialized using 'CodeIgniter\Session\Handlers\FileHandler' driver.
INFO - 2024-09-19 01:08:35 --> Session: Class initialized using 'CodeIgniter\Session\Handlers\FileHandler' driver.
INFO - 2024-09-19 01:10:27 --> Session: Class initialized using 'CodeIgniter\Session\Handlers\FileHandler' driver.
INFO - 2024-09-19 01:14:15 --> Session: Class initialized using 'CodeIgniter\Session\Handlers\FileHandler' driver.
INFO - 2024-09-19 01:16:25 --> Session: Class initialized using 'CodeIgniter\Session\Handlers\FileHandler' driver.
INFO - 2024-09-19 01:19:18 --> Session: Class initialized using 'CodeIgniter\Session\Handlers\FileHandler' driver.
INFO - 2024-09-19 01:22:27 --> Session: Class initialized using 'CodeIgniter\Session\Handlers\FileHandler' driver.
INFO - 2024-09-19 01:22:48 --> Session: Class initialized using 'CodeIgniter\Session\Handlers\FileHandler' driver.
INFO - 2024-09-19 01:24:35 --> Session: Class initialized using 'CodeIgniter\Session\Handlers\FileHandler' driver.
INFO - 2024-09-19 01:24:47 --> Session: Class initialized using 'CodeIgniter\Session\Handlers\FileHandler' driver.
INFO - 2024-09-19 01:25:05 --> Session: Class initialized using 'CodeIgniter\Session\Handlers\FileHandler' driver.
INFO - 2024-09-19 01:25:05 --> Session: Class initialized using 'CodeIgniter\Session\Handlers\FileHandler' driver.
INFO - 2024-09-19 01:27:53 --> Session: Class initialized using 'CodeIgniter\Session\Handlers\FileHandler' driver.
INFO - 2024-09-19 01:27:58 --> Session: Class initialized using 'CodeIgniter\Session\Handlers\FileHandler' driver.
INFO - 2024-09-19 01:28:02 --> Session: Class initialized using 'CodeIgniter\Session\Handlers\FileHandler' driver.
INFO - 2024-09-19 01:31:10 --> Session: Class initialized using 'CodeIgniter\Session\Handlers\FileHandler' driver.
INFO - 2024-09-19 01:47:04 --> Session: Class initialized using 'CodeIgniter\Session\Handlers\FileHandler' driver.
INFO - 2024-09-19 01:49:11 --> Session: Class initialized using 'CodeIgniter\Session\Handlers\FileHandler' driver.
INFO - 2024-09-19 01:50:51 --> Session: Class initialized using 'CodeIgniter\Session\Handlers\FileHandler' driver.
INFO - 2024-09-19 01:51:19 --> Session: Class initialized using 'CodeIgniter\Session\Handlers\FileHandler' driver.
INFO - 2024-09-19 01:52:18 --> Session: Class initialized using 'CodeIgniter\Session\Handlers\FileHandler' driver.
INFO - 2024-09-19 01:55:12 --> Session: Class initialized using 'CodeIgniter\Session\Handlers\FileHandler' driver.
INFO - 2024-09-19 01:56:44 --> Session: Class initialized using 'CodeIgniter\Session\Handlers\FileHandler' driver.
INFO - 2024-09-19 01:58:27 --> Session: Class initialized using 'CodeIgniter\Session\Handlers\FileHandler' driver.
INFO - 2024-09-19 01:59:50 --> Session: Class initialized using 'CodeIgniter\Session\Handlers\FileHandler' driver.
INFO - 2024-09-19 02:06:16 --> Session: Class initialized using 'CodeIgniter\Session\Handlers\FileHandler' driver.
INFO - 2024-09-19 02:10:08 --> Session: Class initialized using 'CodeIgniter\Session\Handlers\FileHandler' driver.
INFO - 2024-09-19 02:10:31 --> Session: Class initialized using 'CodeIgniter\Session\Handlers\FileHandler' driver.
INFO - 2024-09-19 02:11:04 --> Session: Class initialized using 'CodeIgniter\Session\Handlers\FileHandler' driver.
INFO - 2024-09-19 02:15:08 --> Session: Class initialized using 'CodeIgniter\Session\Handlers\FileHandler' driver.
INFO - 2024-09-19 02:21:17 --> Session: Class initialized using 'CodeIgniter\Session\Handlers\FileHandler' driver.
INFO - 2024-09-19 02:27:52 --> Session: Class initialized using 'CodeIgniter\Session\Handlers\FileHandler' driver.
INFO - 2024-09-19 02:38:33 --> Session: Class initialized using 'CodeIgniter\Session\Handlers\FileHandler' driver.
INFO - 2024-09-19 02:38:41 --> Session: Class initialized using 'CodeIgniter\Session\Handlers\FileHandler' driver.
INFO - 2024-09-19 02:38:41 --> Session: Class initialized using 'CodeIgniter\Session\Handlers\FileHandler' driver.
INFO - 2024-09-19 02:38:51 --> Session: Class initialized using 'CodeIgniter\Session\Handlers\FileHandler' driver.
INFO - 2024-09-19 02:38:56 --> Session: Class initialized using 'CodeIgniter\Session\Handlers\FileHandler' driver.
INFO - 2024-09-19 02:39:02 --> Session: Class initialized using 'CodeIgniter\Session\Handlers\FileHandler' driver.
INFO - 2024-09-19 02:40:34 --> Session: Class initialized using 'CodeIgniter\Session\Handlers\FileHandler' driver.
INFO - 2024-09-19 02:41:04 --> Session: Class initialized using 'CodeIgniter\Session\Handlers\FileHandler' driver.
INFO - 2024-09-19 02:41:04 --> Session: Class initialized using 'CodeIgniter\Session\Handlers\FileHandler' driver.
INFO - 2024-09-19 02:41:31 --> Session: Class initialized using 'CodeIgniter\Session\Handlers\FileHandler' driver.
INFO - 2024-09-19 02:41:31 --> Session: Class initialized using 'CodeIgniter\Session\Handlers\FileHandler' driver.
INFO - 2024-09-19 02:41:48 --> Session: Class initialized using 'CodeIgniter\Session\Handlers\FileHandler' driver.
INFO - 2024-09-19 02:41:48 --> Session: Class initialized using 'CodeIgniter\Session\Handlers\FileHandler' driver.
INFO - 2024-09-19 02:42:03 --> Session: Class initialized using 'CodeIgniter\Session\Handlers\FileHandler' driver.
INFO - 2024-09-19 02:42:04 --> Session: Class initialized using 'CodeIgniter\Session\Handlers\FileHandler' driver.
INFO - 2024-09-19 02:42:29 --> Session: Class initialized using 'CodeIgniter\Session\Handlers\FileHandler' driver.
INFO - 2024-09-19 02:42:30 --> Session: Class initialized using 'CodeIgniter\Session\Handlers\FileHandler' driver.
INFO - 2024-09-19 02:42:47 --> Session: Class initialized using 'CodeIgniter\Session\Handlers\FileHandler' driver.
INFO - 2024-09-19 02:42:48 --> Session: Class initialized using 'CodeIgniter\Session\Handlers\FileHandler' driver.
INFO - 2024-09-19 02:43:17 --> Session: Class initialized using 'CodeIgniter\Session\Handlers\FileHandler' driver.
INFO - 2024-09-19 02:43:22 --> Session: Class initialized using 'CodeIgniter\Session\Handlers\FileHandler' driver.
INFO - 2024-09-19 02:44:02 --> Session: Class initialized using 'CodeIgniter\Session\Handlers\FileHandler' driver.
INFO - 2024-09-19 02:44:18 --> Session: Class initialized using 'CodeIgniter\Session\Handlers\FileHandler' driver.
INFO - 2024-09-19 02:44:23 --> Session: Class initialized using 'CodeIgniter\Session\Handlers\FileHandler' driver.
INFO - 2024-09-19 02:45:21 --> Session: Class initialized using 'CodeIgniter\Session\Handlers\FileHandler' driver.
CRITICAL - 2024-09-19 02:45:26 --> ErrorException: Trying to access array offset on value of type null
[Method: GET, Route: admin/detail_soal/7]
in APPPATH\Views\admin\detail_soal.php on line 43.
 1 APPPATH\Views\admin\detail_soal.php(43): CodeIgniter\Debug\Exceptions->errorHandler(2, 'Trying to access array offset on value of type null', 'C:\\Users\\Marc Satrio\\Desktop\\psikotest\\psikotest\\app\\Views\\admin\\detail_soal.php', 43)
 2 SYSTEMPATH\View\View.php(234): include('C:\\Users\\Marc Satrio\\Desktop\\psikotest\\psikotest\\app\\Views\\admin\\detail_soal.php')
 3 SYSTEMPATH\View\View.php(237): CodeIgniter\View\View->CodeIgniter\View\{closure}()
 4 SYSTEMPATH\Common.php(1171): CodeIgniter\View\View->render('admin/detail_soal', [], true)
 5 APPPATH\Controllers\Admin.php(260): view('admin/detail_soal', [...])
 6 SYSTEMPATH\CodeIgniter.php(933): App\Controllers\Admin->detail_soal('7')
 7 SYSTEMPATH\CodeIgniter.php(509): CodeIgniter\CodeIgniter->runController(Object(App\Controllers\Admin))
 8 SYSTEMPATH\CodeIgniter.php(355): CodeIgniter\CodeIgniter->handleRequest(null, Object(Config\Cache), false)
 9 SYSTEMPATH\Boot.php(325): CodeIgniter\CodeIgniter->run()
10 SYSTEMPATH\Boot.php(67): CodeIgniter\Boot::runCodeIgniter(Object(CodeIgniter\CodeIgniter))
11 FCPATH\index.php(56): CodeIgniter\Boot::bootWeb(Object(Config\Paths))
12 SYSTEMPATH\rewrite.php(44): require_once('C:\\Users\\Marc Satrio\\Desktop\\psikotest\\psikotest\\public\\index.php')
INFO - 2024-09-19 02:45:55 --> Session: Class initialized using 'CodeIgniter\Session\Handlers\FileHandler' driver.
INFO - 2024-09-19 02:46:17 --> Session: Class initialized using 'CodeIgniter\Session\Handlers\FileHandler' driver.
INFO - 2024-09-19 02:47:02 --> Session: Class initialized using 'CodeIgniter\Session\Handlers\FileHandler' driver.
INFO - 2024-09-19 02:47:10 --> Session: Class initialized using 'CodeIgniter\Session\Handlers\FileHandler' driver.
INFO - 2024-09-19 02:52:02 --> Session: Class initialized using 'CodeIgniter\Session\Handlers\FileHandler' driver.
INFO - 2024-09-19 02:53:00 --> Session: Class initialized using 'CodeIgniter\Session\Handlers\FileHandler' driver.
INFO - 2024-09-19 02:53:32 --> Session: Class initialized using 'CodeIgniter\Session\Handlers\FileHandler' driver.
INFO - 2024-09-19 02:53:35 --> Session: Class initialized using 'CodeIgniter\Session\Handlers\FileHandler' driver.
INFO - 2024-09-19 03:00:37 --> Session: Class initialized using 'CodeIgniter\Session\Handlers\FileHandler' driver.
INFO - 2024-09-19 03:00:42 --> Session: Class initialized using 'CodeIgniter\Session\Handlers\FileHandler' driver.
INFO - 2024-09-19 03:00:49 --> Session: Class initialized using 'CodeIgniter\Session\Handlers\FileHandler' driver.
INFO - 2024-09-19 03:00:53 --> Session: Class initialized using 'CodeIgniter\Session\Handlers\FileHandler' driver.
INFO - 2024-09-19 03:00:58 --> Session: Class initialized using 'CodeIgniter\Session\Handlers\FileHandler' driver.
INFO - 2024-09-19 03:02:42 --> Session: Class initialized using 'CodeIgniter\Session\Handlers\FileHandler' driver.
INFO - 2024-09-19 03:05:22 --> Session: Class initialized using 'CodeIgniter\Session\Handlers\FileHandler' driver.
INFO - 2024-09-19 03:08:31 --> Session: Class initialized using 'CodeIgniter\Session\Handlers\FileHandler' driver.
CRITICAL - 2024-09-19 03:08:36 --> ErrorException: Undefined variable $jawaban_list
[Method: GET, Route: user/test/6b86b273ff34fce19d6b804eff5a3f5747ada4eaa22f1d49c01e52ddb7875b4b]
in APPPATH\Views\user\test.php on line 3.
 1 APPPATH\Views\user\test.php(3): CodeIgniter\Debug\Exceptions->errorHandler(2, 'Undefined variable $jawaban_list', 'C:\\Users\\Marc Satrio\\Desktop\\psikotest\\psikotest\\app\\Views\\user\\test.php', 3)
 2 SYSTEMPATH\View\View.php(234): include('C:\\Users\\Marc Satrio\\Desktop\\psikotest\\psikotest\\app\\Views\\user\\test.php')
 3 SYSTEMPATH\View\View.php(237): CodeIgniter\View\View->CodeIgniter\View\{closure}()
 4 SYSTEMPATH\Common.php(1171): CodeIgniter\View\View->render('user/test', [], true)
 5 APPPATH\Controllers\User.php(81): view('user/test', [...])
 6 SYSTEMPATH\CodeIgniter.php(933): App\Controllers\User->test('6b86b273ff34fce19d6b804eff5a3f5747ada4eaa22f1d49c01e52ddb7875b4b')
 7 SYSTEMPATH\CodeIgniter.php(509): CodeIgniter\CodeIgniter->runController(Object(App\Controllers\User))
 8 SYSTEMPATH\CodeIgniter.php(355): CodeIgniter\CodeIgniter->handleRequest(null, Object(Config\Cache), false)
 9 SYSTEMPATH\Boot.php(325): CodeIgniter\CodeIgniter->run()
10 SYSTEMPATH\Boot.php(67): CodeIgniter\Boot::runCodeIgniter(Object(CodeIgniter\CodeIgniter))
11 FCPATH\index.php(56): CodeIgniter\Boot::bootWeb(Object(Config\Paths))
12 SYSTEMPATH\rewrite.php(44): require_once('C:\\Users\\Marc Satrio\\Desktop\\psikotest\\psikotest\\public\\index.php')
INFO - 2024-09-19 03:08:46 --> Session: Class initialized using 'CodeIgniter\Session\Handlers\FileHandler' driver.
INFO - 2024-09-19 03:09:48 --> Session: Class initialized using 'CodeIgniter\Session\Handlers\FileHandler' driver.
INFO - 2024-09-19 03:10:18 --> Session: Class initialized using 'CodeIgniter\Session\Handlers\FileHandler' driver.
INFO - 2024-09-19 03:11:13 --> Session: Class initialized using 'CodeIgniter\Session\Handlers\FileHandler' driver.
INFO - 2024-09-19 03:12:31 --> Session: Class initialized using 'CodeIgniter\Session\Handlers\FileHandler' driver.
INFO - 2024-09-19 03:22:48 --> Session: Class initialized using 'CodeIgniter\Session\Handlers\FileHandler' driver.
INFO - 2024-09-19 03:50:51 --> Session: Class initialized using 'CodeIgniter\Session\Handlers\FileHandler' driver.
INFO - 2024-09-19 03:51:09 --> Session: Class initialized using 'CodeIgniter\Session\Handlers\FileHandler' driver.
INFO - 2024-09-19 03:51:14 --> Session: Class initialized using 'CodeIgniter\Session\Handlers\FileHandler' driver.
INFO - 2024-09-19 03:51:18 --> Session: Class initialized using 'CodeIgniter\Session\Handlers\FileHandler' driver.
INFO - 2024-09-19 03:51:19 --> Session: Class initialized using 'CodeIgniter\Session\Handlers\FileHandler' driver.
INFO - 2024-09-19 03:51:24 --> Session: Class initialized using 'CodeIgniter\Session\Handlers\FileHandler' driver.
INFO - 2024-09-19 03:51:27 --> Session: Class initialized using 'CodeIgniter\Session\Handlers\FileHandler' driver.
INFO - 2024-09-19 03:54:13 --> Session: Class initialized using 'CodeIgniter\Session\Handlers\FileHandler' driver.
CRITICAL - 2024-09-19 03:54:17 --> ParseError: syntax error, unexpected end of file
[Method: GET, Route: user/test/6b86b273ff34fce19d6b804eff5a3f5747ada4eaa22f1d49c01e52ddb7875b4b]
in APPPATH\Views\user\test.php on line 322.
 1 SYSTEMPATH\View\View.php(237): CodeIgniter\View\View->CodeIgniter\View\{closure}()
 2 SYSTEMPATH\Common.php(1171): CodeIgniter\View\View->render('user/test', [], true)
 3 APPPATH\Controllers\User.php(79): view('user/test', [...])
 4 SYSTEMPATH\CodeIgniter.php(933): App\Controllers\User->test('6b86b273ff34fce19d6b804eff5a3f5747ada4eaa22f1d49c01e52ddb7875b4b')
 5 SYSTEMPATH\CodeIgniter.php(509): CodeIgniter\CodeIgniter->runController(Object(App\Controllers\User))
 6 SYSTEMPATH\CodeIgniter.php(355): CodeIgniter\CodeIgniter->handleRequest(null, Object(Config\Cache), false)
 7 SYSTEMPATH\Boot.php(325): CodeIgniter\CodeIgniter->run()
 8 SYSTEMPATH\Boot.php(67): CodeIgniter\Boot::runCodeIgniter(Object(CodeIgniter\CodeIgniter))
 9 FCPATH\index.php(56): CodeIgniter\Boot::bootWeb(Object(Config\Paths))
10 SYSTEMPATH\rewrite.php(44): require_once('C:\\Users\\Marc Satrio\\Desktop\\psikotest\\psikotest\\public\\index.php')
INFO - 2024-09-19 03:54:21 --> Session: Class initialized using 'CodeIgniter\Session\Handlers\FileHandler' driver.
CRITICAL - 2024-09-19 03:54:26 --> ErrorException: Undefined array key "jawaban"
[Method: GET, Route: user/test/6b86b273ff34fce19d6b804eff5a3f5747ada4eaa22f1d49c01e52ddb7875b4b]
in APPPATH\Views\user\test.php on line 112.
 1 APPPATH\Views\user\test.php(112): CodeIgniter\Debug\Exceptions->errorHandler(2, 'Undefined array key "jawaban"', 'C:\\Users\\Marc Satrio\\Desktop\\psikotest\\psikotest\\app\\Views\\user\\test.php', 112)
 2 SYSTEMPATH\View\View.php(234): include('C:\\Users\\Marc Satrio\\Desktop\\psikotest\\psikotest\\app\\Views\\user\\test.php')
 3 SYSTEMPATH\View\View.php(237): CodeIgniter\View\View->CodeIgniter\View\{closure}()
 4 SYSTEMPATH\Common.php(1171): CodeIgniter\View\View->render('user/test', [], true)
 5 APPPATH\Controllers\User.php(79): view('user/test', [...])
 6 SYSTEMPATH\CodeIgniter.php(933): App\Controllers\User->test('6b86b273ff34fce19d6b804eff5a3f5747ada4eaa22f1d49c01e52ddb7875b4b')
 7 SYSTEMPATH\CodeIgniter.php(509): CodeIgniter\CodeIgniter->runController(Object(App\Controllers\User))
 8 SYSTEMPATH\CodeIgniter.php(355): CodeIgniter\CodeIgniter->handleRequest(null, Object(Config\Cache), false)
 9 SYSTEMPATH\Boot.php(325): CodeIgniter\CodeIgniter->run()
10 SYSTEMPATH\Boot.php(67): CodeIgniter\Boot::runCodeIgniter(Object(CodeIgniter\CodeIgniter))
11 FCPATH\index.php(56): CodeIgniter\Boot::bootWeb(Object(Config\Paths))
12 SYSTEMPATH\rewrite.php(44): require_once('C:\\Users\\Marc Satrio\\Desktop\\psikotest\\psikotest\\public\\index.php')
INFO - 2024-09-19 03:54:38 --> Session: Class initialized using 'CodeIgniter\Session\Handlers\FileHandler' driver.
CRITICAL - 2024-09-19 03:54:42 --> ErrorException: foreach() argument must be of type array|object, string given
[Method: GET, Route: user/test/6b86b273ff34fce19d6b804eff5a3f5747ada4eaa22f1d49c01e52ddb7875b4b]
in APPPATH\Views\user\test.php on line 112.
 1 APPPATH\Views\user\test.php(112): CodeIgniter\Debug\Exceptions->errorHandler(2, 'foreach() argument must be of type array|object, string given', 'C:\\Users\\Marc Satrio\\Desktop\\psikotest\\psikotest\\app\\Views\\user\\test.php', 112)
 2 SYSTEMPATH\View\View.php(234): include('C:\\Users\\Marc Satrio\\Desktop\\psikotest\\psikotest\\app\\Views\\user\\test.php')
 3 SYSTEMPATH\View\View.php(237): CodeIgniter\View\View->CodeIgniter\View\{closure}()
 4 SYSTEMPATH\Common.php(1171): CodeIgniter\View\View->render('user/test', [], true)
 5 APPPATH\Controllers\User.php(79): view('user/test', [...])
 6 SYSTEMPATH\CodeIgniter.php(933): App\Controllers\User->test('6b86b273ff34fce19d6b804eff5a3f5747ada4eaa22f1d49c01e52ddb7875b4b')
 7 SYSTEMPATH\CodeIgniter.php(509): CodeIgniter\CodeIgniter->runController(Object(App\Controllers\User))
 8 SYSTEMPATH\CodeIgniter.php(355): CodeIgniter\CodeIgniter->handleRequest(null, Object(Config\Cache), false)
 9 SYSTEMPATH\Boot.php(325): CodeIgniter\CodeIgniter->run()
10 SYSTEMPATH\Boot.php(67): CodeIgniter\Boot::runCodeIgniter(Object(CodeIgniter\CodeIgniter))
11 FCPATH\index.php(56): CodeIgniter\Boot::bootWeb(Object(Config\Paths))
12 SYSTEMPATH\rewrite.php(44): require_once('C:\\Users\\Marc Satrio\\Desktop\\psikotest\\psikotest\\public\\index.php')
INFO - 2024-09-19 03:59:39 --> Session: Class initialized using 'CodeIgniter\Session\Handlers\FileHandler' driver.
INFO - 2024-09-19 04:01:43 --> Session: Class initialized using 'CodeIgniter\Session\Handlers\FileHandler' driver.
INFO - 2024-09-19 04:02:29 --> Session: Class initialized using 'CodeIgniter\Session\Handlers\FileHandler' driver.
CRITICAL - 2024-09-19 04:02:33 --> ErrorException: Undefined array key "jawaban_list"
[Method: GET, Route: user/test/6b86b273ff34fce19d6b804eff5a3f5747ada4eaa22f1d49c01e52ddb7875b4b]
in APPPATH\Views\user\test.php on line 114.
 1 APPPATH\Views\user\test.php(114): CodeIgniter\Debug\Exceptions->errorHandler(2, 'Undefined array key "jawaban_list"', 'C:\\Users\\Marc Satrio\\Desktop\\psikotest\\psikotest\\app\\Views\\user\\test.php', 114)
 2 SYSTEMPATH\View\View.php(234): include('C:\\Users\\Marc Satrio\\Desktop\\psikotest\\psikotest\\app\\Views\\user\\test.php')
 3 SYSTEMPATH\View\View.php(237): CodeIgniter\View\View->CodeIgniter\View\{closure}()
 4 SYSTEMPATH\Common.php(1171): CodeIgniter\View\View->render('user/test', [], true)
 5 APPPATH\Controllers\User.php(79): view('user/test', [...])
 6 SYSTEMPATH\CodeIgniter.php(933): App\Controllers\User->test('6b86b273ff34fce19d6b804eff5a3f5747ada4eaa22f1d49c01e52ddb7875b4b')
 7 SYSTEMPATH\CodeIgniter.php(509): CodeIgniter\CodeIgniter->runController(Object(App\Controllers\User))
 8 SYSTEMPATH\CodeIgniter.php(355): CodeIgniter\CodeIgniter->handleRequest(null, Object(Config\Cache), false)
 9 SYSTEMPATH\Boot.php(325): CodeIgniter\CodeIgniter->run()
10 SYSTEMPATH\Boot.php(67): CodeIgniter\Boot::runCodeIgniter(Object(CodeIgniter\CodeIgniter))
11 FCPATH\index.php(56): CodeIgniter\Boot::bootWeb(Object(Config\Paths))
12 SYSTEMPATH\rewrite.php(44): require_once('C:\\Users\\Marc Satrio\\Desktop\\psikotest\\psikotest\\public\\index.php')
INFO - 2024-09-19 04:05:04 --> Session: Class initialized using 'CodeIgniter\Session\Handlers\FileHandler' driver.
CRITICAL - 2024-09-19 04:05:08 --> ErrorException: Undefined array key "jawaban_list"
[Method: GET, Route: user/test/6b86b273ff34fce19d6b804eff5a3f5747ada4eaa22f1d49c01e52ddb7875b4b]
in APPPATH\Views\user\test.php on line 113.
 1 APPPATH\Views\user\test.php(113): CodeIgniter\Debug\Exceptions->errorHandler(2, 'Undefined array key "jawaban_list"', 'C:\\Users\\Marc Satrio\\Desktop\\psikotest\\psikotest\\app\\Views\\user\\test.php', 113)
 2 SYSTEMPATH\View\View.php(234): include('C:\\Users\\Marc Satrio\\Desktop\\psikotest\\psikotest\\app\\Views\\user\\test.php')
 3 SYSTEMPATH\View\View.php(237): CodeIgniter\View\View->CodeIgniter\View\{closure}()
 4 SYSTEMPATH\Common.php(1171): CodeIgniter\View\View->render('user/test', [], true)
 5 APPPATH\Controllers\User.php(79): view('user/test', [...])
 6 SYSTEMPATH\CodeIgniter.php(933): App\Controllers\User->test('6b86b273ff34fce19d6b804eff5a3f5747ada4eaa22f1d49c01e52ddb7875b4b')
 7 SYSTEMPATH\CodeIgniter.php(509): CodeIgniter\CodeIgniter->runController(Object(App\Controllers\User))
 8 SYSTEMPATH\CodeIgniter.php(355): CodeIgniter\CodeIgniter->handleRequest(null, Object(Config\Cache), false)
 9 SYSTEMPATH\Boot.php(325): CodeIgniter\CodeIgniter->run()
10 SYSTEMPATH\Boot.php(67): CodeIgniter\Boot::runCodeIgniter(Object(CodeIgniter\CodeIgniter))
11 FCPATH\index.php(56): CodeIgniter\Boot::bootWeb(Object(Config\Paths))
12 SYSTEMPATH\rewrite.php(44): require_once('C:\\Users\\Marc Satrio\\Desktop\\psikotest\\psikotest\\public\\index.php')
INFO - 2024-09-19 04:05:43 --> Session: Class initialized using 'CodeIgniter\Session\Handlers\FileHandler' driver.
CRITICAL - 2024-09-19 04:05:48 --> ErrorException: Undefined array key "jawaban_list"
[Method: GET, Route: user/test/6b86b273ff34fce19d6b804eff5a3f5747ada4eaa22f1d49c01e52ddb7875b4b]
in APPPATH\Views\user\test.php on line 113.
 1 APPPATH\Views\user\test.php(113): CodeIgniter\Debug\Exceptions->errorHandler(2, 'Undefined array key "jawaban_list"', 'C:\\Users\\Marc Satrio\\Desktop\\psikotest\\psikotest\\app\\Views\\user\\test.php', 113)
 2 SYSTEMPATH\View\View.php(234): include('C:\\Users\\Marc Satrio\\Desktop\\psikotest\\psikotest\\app\\Views\\user\\test.php')
 3 SYSTEMPATH\View\View.php(237): CodeIgniter\View\View->CodeIgniter\View\{closure}()
 4 SYSTEMPATH\Common.php(1171): CodeIgniter\View\View->render('user/test', [], true)
 5 APPPATH\Controllers\User.php(79): view('user/test', [...])
 6 SYSTEMPATH\CodeIgniter.php(933): App\Controllers\User->test('6b86b273ff34fce19d6b804eff5a3f5747ada4eaa22f1d49c01e52ddb7875b4b')
 7 SYSTEMPATH\CodeIgniter.php(509): CodeIgniter\CodeIgniter->runController(Object(App\Controllers\User))
 8 SYSTEMPATH\CodeIgniter.php(355): CodeIgniter\CodeIgniter->handleRequest(null, Object(Config\Cache), false)
 9 SYSTEMPATH\Boot.php(325): CodeIgniter\CodeIgniter->run()
10 SYSTEMPATH\Boot.php(67): CodeIgniter\Boot::runCodeIgniter(Object(CodeIgniter\CodeIgniter))
11 FCPATH\index.php(56): CodeIgniter\Boot::bootWeb(Object(Config\Paths))
12 SYSTEMPATH\rewrite.php(44): require_once('C:\\Users\\Marc Satrio\\Desktop\\psikotest\\psikotest\\public\\index.php')
INFO - 2024-09-19 04:09:07 --> Session: Class initialized using 'CodeIgniter\Session\Handlers\FileHandler' driver.
ERROR - 2024-09-19 04:09:12 --> mysqli_sql_exception: Expression #1 of SELECT list is not in GROUP BY clause and contains nonaggregated column 'test.soal_ujian.id_soal_ujian' which is not functionally dependent on columns in GROUP BY clause; this is incompatible with sql_mode=only_full_group_by in C:\Users\Marc Satrio\Desktop\psikotest\psikotest\vendor\codeigniter4\framework\system\Database\MySQLi\Connection.php:312
Stack trace:
#0 C:\Users\Marc Satrio\Desktop\psikotest\psikotest\vendor\codeigniter4\framework\system\Database\MySQLi\Connection.php(312): mysqli->query('SELECT `soal_uj...', 0)
#1 C:\Users\Marc Satrio\Desktop\psikotest\psikotest\vendor\codeigniter4\framework\system\Database\BaseConnection.php(734): CodeIgniter\Database\MySQLi\Connection->execute('SELECT `soal_uj...')
#2 C:\Users\Marc Satrio\Desktop\psikotest\psikotest\vendor\codeigniter4\framework\system\Database\BaseConnection.php(648): CodeIgniter\Database\BaseConnection->simpleQuery('SELECT `soal_uj...')
#3 C:\Users\Marc Satrio\Desktop\psikotest\psikotest\vendor\codeigniter4\framework\system\Database\BaseBuilder.php(1644): CodeIgniter\Database\BaseConnection->query('SELECT `soal_uj...', Array, false)
#4 C:\Users\Marc Satrio\Desktop\psikotest\psikotest\vendor\codeigniter4\framework\system\Model.php(286): CodeIgniter\Database\BaseBuilder->get()
#5 C:\Users\Marc Satrio\Desktop\psikotest\psikotest\vendor\codeigniter4\framework\system\BaseModel.php(676): CodeIgniter\Model->doFindAll(0, 0)
#6 C:\Users\Marc Satrio\Desktop\psikotest\psikotest\app\Controllers\User.php(80): CodeIgniter\BaseModel->findAll()
#7 C:\Users\Marc Satrio\Desktop\psikotest\psikotest\vendor\codeigniter4\framework\system\CodeIgniter.php(933): App\Controllers\User->test('6b86b273ff34fce...')
#8 C:\Users\Marc Satrio\Desktop\psikotest\psikotest\vendor\codeigniter4\framework\system\CodeIgniter.php(509): CodeIgniter\CodeIgniter->runController(Object(App\Controllers\User))
#9 C:\Users\Marc Satrio\Desktop\psikotest\psikotest\vendor\codeigniter4\framework\system\CodeIgniter.php(355): CodeIgniter\CodeIgniter->handleRequest(NULL, Object(Config\Cache), false)
#10 C:\Users\Marc Satrio\Desktop\psikotest\psikotest\vendor\codeigniter4\framework\system\Boot.php(325): CodeIgniter\CodeIgniter->run()
#11 C:\Users\Marc Satrio\Desktop\psikotest\psikotest\vendor\codeigniter4\framework\system\Boot.php(67): CodeIgniter\Boot::runCodeIgniter(Object(CodeIgniter\CodeIgniter))
#12 C:\Users\Marc Satrio\Desktop\psikotest\psikotest\public\index.php(56): CodeIgniter\Boot::bootWeb(Object(Config\Paths))
#13 C:\Users\Marc Satrio\Desktop\psikotest\psikotest\vendor\codeigniter4\framework\system\rewrite.php(44): require_once('C:\\Users\\Marc S...')
#14 {main}
CRITICAL - 2024-09-19 04:09:12 --> CodeIgniter\Database\Exceptions\DatabaseException: Expression #1 of SELECT list is not in GROUP BY clause and contains nonaggregated column 'test.soal_ujian.id_soal_ujian' which is not functionally dependent on columns in GROUP BY clause; this is incompatible with sql_mode=only_full_group_by
[Method: GET, Route: user/test/6b86b273ff34fce19d6b804eff5a3f5747ada4eaa22f1d49c01e52ddb7875b4b]
in SYSTEMPATH\Database\BaseConnection.php on line 688.
 1 SYSTEMPATH\Database\BaseBuilder.php(1644): CodeIgniter\Database\BaseConnection->query('SELECT `soal_ujian`.*, `soal`.`isi_soal`, `jenis_soal`.`nama_jenis_soal`, GROUP_CONCAT(jawaban_soal.jawaban_soal SEPARATOR "|") as jawaban_list
FROM `soal_ujian`
JOIN `soal` ON `soal_ujian`.`id_soal` = `soal`.`id_soal`
JOIN `jenis_soal` ON `soal`.`id_jenis_soal` = `jenis_soal`.`id_jenis_soal`
JOIN `jawaban_soal` ON `soal`.`id_soal` = `jawaban_soal`.`id_soal`
WHERE `soal_ujian`.`id_test` = :soal_ujian.id_test:
GROUP BY `soal_ujian`.`id_soal`', [...], false)
 2 SYSTEMPATH\Model.php(286): CodeIgniter\Database\BaseBuilder->get()
 3 SYSTEMPATH\BaseModel.php(676): CodeIgniter\Model->doFindAll(0, 0)
 4 APPPATH\Controllers\User.php(80): CodeIgniter\BaseModel->findAll()
 5 SYSTEMPATH\CodeIgniter.php(933): App\Controllers\User->test('6b86b273ff34fce19d6b804eff5a3f5747ada4eaa22f1d49c01e52ddb7875b4b')
 6 SYSTEMPATH\CodeIgniter.php(509): CodeIgniter\CodeIgniter->runController(Object(App\Controllers\User))
 7 SYSTEMPATH\CodeIgniter.php(355): CodeIgniter\CodeIgniter->handleRequest(null, Object(Config\Cache), false)
 8 SYSTEMPATH\Boot.php(325): CodeIgniter\CodeIgniter->run()
 9 SYSTEMPATH\Boot.php(67): CodeIgniter\Boot::runCodeIgniter(Object(CodeIgniter\CodeIgniter))
10 FCPATH\index.php(56): CodeIgniter\Boot::bootWeb(Object(Config\Paths))
11 SYSTEMPATH\rewrite.php(44): require_once('C:\\Users\\Marc Satrio\\Desktop\\psikotest\\psikotest\\public\\index.php')
CRITICAL - 2024-09-19 04:09:12 --> [Caused by] CodeIgniter\Database\Exceptions\DatabaseException: Expression #1 of SELECT list is not in GROUP BY clause and contains nonaggregated column 'test.soal_ujian.id_soal_ujian' which is not functionally dependent on columns in GROUP BY clause; this is incompatible with sql_mode=only_full_group_by
in SYSTEMPATH\Database\MySQLi\Connection.php on line 317.
 1 SYSTEMPATH\Database\BaseConnection.php(734): CodeIgniter\Database\MySQLi\Connection->execute('SELECT `soal_ujian`.*, `soal`.`isi_soal`, `jenis_soal`.`nama_jenis_soal`, GROUP_CONCAT(jawaban_soal.jawaban_soal SEPARATOR "|") as jawaban_list
FROM `soal_ujian`
JOIN `soal` ON `soal_ujian`.`id_soal` = `soal`.`id_soal`
JOIN `jenis_soal` ON `soal`.`id_jenis_soal` = `jenis_soal`.`id_jenis_soal`
JOIN `jawaban_soal` ON `soal`.`id_soal` = `jawaban_soal`.`id_soal`
WHERE `soal_ujian`.`id_test` = \'1\'
GROUP BY `soal_ujian`.`id_soal`')
 2 SYSTEMPATH\Database\BaseConnection.php(648): CodeIgniter\Database\BaseConnection->simpleQuery('SELECT `soal_ujian`.*, `soal`.`isi_soal`, `jenis_soal`.`nama_jenis_soal`, GROUP_CONCAT(jawaban_soal.jawaban_soal SEPARATOR "|") as jawaban_list
FROM `soal_ujian`
JOIN `soal` ON `soal_ujian`.`id_soal` = `soal`.`id_soal`
JOIN `jenis_soal` ON `soal`.`id_jenis_soal` = `jenis_soal`.`id_jenis_soal`
JOIN `jawaban_soal` ON `soal`.`id_soal` = `jawaban_soal`.`id_soal`
WHERE `soal_ujian`.`id_test` = \'1\'
GROUP BY `soal_ujian`.`id_soal`')
 3 SYSTEMPATH\Database\BaseBuilder.php(1644): CodeIgniter\Database\BaseConnection->query('SELECT `soal_ujian`.*, `soal`.`isi_soal`, `jenis_soal`.`nama_jenis_soal`, GROUP_CONCAT(jawaban_soal.jawaban_soal SEPARATOR "|") as jawaban_list
FROM `soal_ujian`
JOIN `soal` ON `soal_ujian`.`id_soal` = `soal`.`id_soal`
JOIN `jenis_soal` ON `soal`.`id_jenis_soal` = `jenis_soal`.`id_jenis_soal`
JOIN `jawaban_soal` ON `soal`.`id_soal` = `jawaban_soal`.`id_soal`
WHERE `soal_ujian`.`id_test` = :soal_ujian.id_test:
GROUP BY `soal_ujian`.`id_soal`', [...], false)
 4 SYSTEMPATH\Model.php(286): CodeIgniter\Database\BaseBuilder->get()
 5 SYSTEMPATH\BaseModel.php(676): CodeIgniter\Model->doFindAll(0, 0)
 6 APPPATH\Controllers\User.php(80): CodeIgniter\BaseModel->findAll()
 7 SYSTEMPATH\CodeIgniter.php(933): App\Controllers\User->test('6b86b273ff34fce19d6b804eff5a3f5747ada4eaa22f1d49c01e52ddb7875b4b')
 8 SYSTEMPATH\CodeIgniter.php(509): CodeIgniter\CodeIgniter->runController(Object(App\Controllers\User))
 9 SYSTEMPATH\CodeIgniter.php(355): CodeIgniter\CodeIgniter->handleRequest(null, Object(Config\Cache), false)
10 SYSTEMPATH\Boot.php(325): CodeIgniter\CodeIgniter->run()
11 SYSTEMPATH\Boot.php(67): CodeIgniter\Boot::runCodeIgniter(Object(CodeIgniter\CodeIgniter))
12 FCPATH\index.php(56): CodeIgniter\Boot::bootWeb(Object(Config\Paths))
13 SYSTEMPATH\rewrite.php(44): require_once('C:\\Users\\Marc Satrio\\Desktop\\psikotest\\psikotest\\public\\index.php')
CRITICAL - 2024-09-19 04:09:12 --> [Caused by] mysqli_sql_exception: Expression #1 of SELECT list is not in GROUP BY clause and contains nonaggregated column 'test.soal_ujian.id_soal_ujian' which is not functionally dependent on columns in GROUP BY clause; this is incompatible with sql_mode=only_full_group_by
in SYSTEMPATH\Database\MySQLi\Connection.php on line 312.
 1 SYSTEMPATH\Database\MySQLi\Connection.php(312): mysqli->query('SELECT `soal_ujian`.*, `soal`.`isi_soal`, `jenis_soal`.`nama_jenis_soal`, GROUP_CONCAT(jawaban_soal.jawaban_soal SEPARATOR "|") as jawaban_list
FROM `soal_ujian`
JOIN `soal` ON `soal_ujian`.`id_soal` = `soal`.`id_soal`
JOIN `jenis_soal` ON `soal`.`id_jenis_soal` = `jenis_soal`.`id_jenis_soal`
JOIN `jawaban_soal` ON `soal`.`id_soal` = `jawaban_soal`.`id_soal`
WHERE `soal_ujian`.`id_test` = \'1\'
GROUP BY `soal_ujian`.`id_soal`', 0)
 2 SYSTEMPATH\Database\BaseConnection.php(734): CodeIgniter\Database\MySQLi\Connection->execute('SELECT `soal_ujian`.*, `soal`.`isi_soal`, `jenis_soal`.`nama_jenis_soal`, GROUP_CONCAT(jawaban_soal.jawaban_soal SEPARATOR "|") as jawaban_list
FROM `soal_ujian`
JOIN `soal` ON `soal_ujian`.`id_soal` = `soal`.`id_soal`
JOIN `jenis_soal` ON `soal`.`id_jenis_soal` = `jenis_soal`.`id_jenis_soal`
JOIN `jawaban_soal` ON `soal`.`id_soal` = `jawaban_soal`.`id_soal`
WHERE `soal_ujian`.`id_test` = \'1\'
GROUP BY `soal_ujian`.`id_soal`')
 3 SYSTEMPATH\Database\BaseConnection.php(648): CodeIgniter\Database\BaseConnection->simpleQuery('SELECT `soal_ujian`.*, `soal`.`isi_soal`, `jenis_soal`.`nama_jenis_soal`, GROUP_CONCAT(jawaban_soal.jawaban_soal SEPARATOR "|") as jawaban_list
FROM `soal_ujian`
JOIN `soal` ON `soal_ujian`.`id_soal` = `soal`.`id_soal`
JOIN `jenis_soal` ON `soal`.`id_jenis_soal` = `jenis_soal`.`id_jenis_soal`
JOIN `jawaban_soal` ON `soal`.`id_soal` = `jawaban_soal`.`id_soal`
WHERE `soal_ujian`.`id_test` = \'1\'
GROUP BY `soal_ujian`.`id_soal`')
 4 SYSTEMPATH\Database\BaseBuilder.php(1644): CodeIgniter\Database\BaseConnection->query('SELECT `soal_ujian`.*, `soal`.`isi_soal`, `jenis_soal`.`nama_jenis_soal`, GROUP_CONCAT(jawaban_soal.jawaban_soal SEPARATOR "|") as jawaban_list
FROM `soal_ujian`
JOIN `soal` ON `soal_ujian`.`id_soal` = `soal`.`id_soal`
JOIN `jenis_soal` ON `soal`.`id_jenis_soal` = `jenis_soal`.`id_jenis_soal`
JOIN `jawaban_soal` ON `soal`.`id_soal` = `jawaban_soal`.`id_soal`
WHERE `soal_ujian`.`id_test` = :soal_ujian.id_test:
GROUP BY `soal_ujian`.`id_soal`', [...], false)
 5 SYSTEMPATH\Model.php(286): CodeIgniter\Database\BaseBuilder->get()
 6 SYSTEMPATH\BaseModel.php(676): CodeIgniter\Model->doFindAll(0, 0)
 7 APPPATH\Controllers\User.php(80): CodeIgniter\BaseModel->findAll()
 8 SYSTEMPATH\CodeIgniter.php(933): App\Controllers\User->test('6b86b273ff34fce19d6b804eff5a3f5747ada4eaa22f1d49c01e52ddb7875b4b')
 9 SYSTEMPATH\CodeIgniter.php(509): CodeIgniter\CodeIgniter->runController(Object(App\Controllers\User))
10 SYSTEMPATH\CodeIgniter.php(355): CodeIgniter\CodeIgniter->handleRequest(null, Object(Config\Cache), false)
11 SYSTEMPATH\Boot.php(325): CodeIgniter\CodeIgniter->run()
12 SYSTEMPATH\Boot.php(67): CodeIgniter\Boot::runCodeIgniter(Object(CodeIgniter\CodeIgniter))
13 FCPATH\index.php(56): CodeIgniter\Boot::bootWeb(Object(Config\Paths))
14 SYSTEMPATH\rewrite.php(44): require_once('C:\\Users\\Marc Satrio\\Desktop\\psikotest\\psikotest\\public\\index.php')
INFO - 2024-09-19 04:10:21 --> Session: Class initialized using 'CodeIgniter\Session\Handlers\FileHandler' driver.
ERROR - 2024-09-19 04:10:26 --> mysqli_sql_exception: Expression #1 of SELECT list is not in GROUP BY clause and contains nonaggregated column 'test.soal_ujian.id_soal_ujian' which is not functionally dependent on columns in GROUP BY clause; this is incompatible with sql_mode=only_full_group_by in C:\Users\Marc Satrio\Desktop\psikotest\psikotest\vendor\codeigniter4\framework\system\Database\MySQLi\Connection.php:312
Stack trace:
#0 C:\Users\Marc Satrio\Desktop\psikotest\psikotest\vendor\codeigniter4\framework\system\Database\MySQLi\Connection.php(312): mysqli->query('SELECT `soal_uj...', 0)
#1 C:\Users\Marc Satrio\Desktop\psikotest\psikotest\vendor\codeigniter4\framework\system\Database\BaseConnection.php(734): CodeIgniter\Database\MySQLi\Connection->execute('SELECT `soal_uj...')
#2 C:\Users\Marc Satrio\Desktop\psikotest\psikotest\vendor\codeigniter4\framework\system\Database\BaseConnection.php(648): CodeIgniter\Database\BaseConnection->simpleQuery('SELECT `soal_uj...')
#3 C:\Users\Marc Satrio\Desktop\psikotest\psikotest\vendor\codeigniter4\framework\system\Database\BaseBuilder.php(1644): CodeIgniter\Database\BaseConnection->query('SELECT `soal_uj...', Array, false)
#4 C:\Users\Marc Satrio\Desktop\psikotest\psikotest\vendor\codeigniter4\framework\system\Model.php(286): CodeIgniter\Database\BaseBuilder->get()
#5 C:\Users\Marc Satrio\Desktop\psikotest\psikotest\vendor\codeigniter4\framework\system\BaseModel.php(676): CodeIgniter\Model->doFindAll(0, 0)
#6 C:\Users\Marc Satrio\Desktop\psikotest\psikotest\app\Controllers\User.php(77): CodeIgniter\BaseModel->findAll()
#7 C:\Users\Marc Satrio\Desktop\psikotest\psikotest\vendor\codeigniter4\framework\system\CodeIgniter.php(933): App\Controllers\User->test('6b86b273ff34fce...')
#8 C:\Users\Marc Satrio\Desktop\psikotest\psikotest\vendor\codeigniter4\framework\system\CodeIgniter.php(509): CodeIgniter\CodeIgniter->runController(Object(App\Controllers\User))
#9 C:\Users\Marc Satrio\Desktop\psikotest\psikotest\vendor\codeigniter4\framework\system\CodeIgniter.php(355): CodeIgniter\CodeIgniter->handleRequest(NULL, Object(Config\Cache), false)
#10 C:\Users\Marc Satrio\Desktop\psikotest\psikotest\vendor\codeigniter4\framework\system\Boot.php(325): CodeIgniter\CodeIgniter->run()
#11 C:\Users\Marc Satrio\Desktop\psikotest\psikotest\vendor\codeigniter4\framework\system\Boot.php(67): CodeIgniter\Boot::runCodeIgniter(Object(CodeIgniter\CodeIgniter))
#12 C:\Users\Marc Satrio\Desktop\psikotest\psikotest\public\index.php(56): CodeIgniter\Boot::bootWeb(Object(Config\Paths))
#13 C:\Users\Marc Satrio\Desktop\psikotest\psikotest\vendor\codeigniter4\framework\system\rewrite.php(44): require_once('C:\\Users\\Marc S...')
#14 {main}
CRITICAL - 2024-09-19 04:10:26 --> CodeIgniter\Database\Exceptions\DatabaseException: Expression #1 of SELECT list is not in GROUP BY clause and contains nonaggregated column 'test.soal_ujian.id_soal_ujian' which is not functionally dependent on columns in GROUP BY clause; this is incompatible with sql_mode=only_full_group_by
[Method: GET, Route: user/test/6b86b273ff34fce19d6b804eff5a3f5747ada4eaa22f1d49c01e52ddb7875b4b]
in SYSTEMPATH\Database\BaseConnection.php on line 688.
 1 SYSTEMPATH\Database\BaseBuilder.php(1644): CodeIgniter\Database\BaseConnection->query('SELECT `soal_ujian`.`id_soal_ujian`, `soal_ujian`.`id_test`, `soal_ujian`.`id_soal`, `soal`.`isi_soal`, `jenis_soal`.`nama_jenis_soal`, GROUP_CONCAT(jawaban_soal.jawaban_soal SEPARATOR "|") as jawaban_list
FROM `soal_ujian`
JOIN `soal` ON `soal_ujian`.`id_soal` = `soal`.`id_soal`
JOIN `jenis_soal` ON `soal`.`id_jenis_soal` = `jenis_soal`.`id_jenis_soal`
JOIN `jawaban_soal` ON `soal`.`id_soal` = `jawaban_soal`.`id_soal`
WHERE `soal_ujian`.`id_test` = :soal_ujian.id_test:
GROUP BY `soal_ujian`.`id_soal`, `soal`.`isi_soal`, `jenis_soal`.`nama_jenis_soal`', [...], false)
 2 SYSTEMPATH\Model.php(286): CodeIgniter\Database\BaseBuilder->get()
 3 SYSTEMPATH\BaseModel.php(676): CodeIgniter\Model->doFindAll(0, 0)
 4 APPPATH\Controllers\User.php(77): CodeIgniter\BaseModel->findAll()
 5 SYSTEMPATH\CodeIgniter.php(933): App\Controllers\User->test('6b86b273ff34fce19d6b804eff5a3f5747ada4eaa22f1d49c01e52ddb7875b4b')
 6 SYSTEMPATH\CodeIgniter.php(509): CodeIgniter\CodeIgniter->runController(Object(App\Controllers\User))
 7 SYSTEMPATH\CodeIgniter.php(355): CodeIgniter\CodeIgniter->handleRequest(null, Object(Config\Cache), false)
 8 SYSTEMPATH\Boot.php(325): CodeIgniter\CodeIgniter->run()
 9 SYSTEMPATH\Boot.php(67): CodeIgniter\Boot::runCodeIgniter(Object(CodeIgniter\CodeIgniter))
10 FCPATH\index.php(56): CodeIgniter\Boot::bootWeb(Object(Config\Paths))
11 SYSTEMPATH\rewrite.php(44): require_once('C:\\Users\\Marc Satrio\\Desktop\\psikotest\\psikotest\\public\\index.php')
CRITICAL - 2024-09-19 04:10:26 --> [Caused by] CodeIgniter\Database\Exceptions\DatabaseException: Expression #1 of SELECT list is not in GROUP BY clause and contains nonaggregated column 'test.soal_ujian.id_soal_ujian' which is not functionally dependent on columns in GROUP BY clause; this is incompatible with sql_mode=only_full_group_by
in SYSTEMPATH\Database\MySQLi\Connection.php on line 317.
 1 SYSTEMPATH\Database\BaseConnection.php(734): CodeIgniter\Database\MySQLi\Connection->execute('SELECT `soal_ujian`.`id_soal_ujian`, `soal_ujian`.`id_test`, `soal_ujian`.`id_soal`, `soal`.`isi_soal`, `jenis_soal`.`nama_jenis_soal`, GROUP_CONCAT(jawaban_soal.jawaban_soal SEPARATOR "|") as jawaban_list
FROM `soal_ujian`
JOIN `soal` ON `soal_ujian`.`id_soal` = `soal`.`id_soal`
JOIN `jenis_soal` ON `soal`.`id_jenis_soal` = `jenis_soal`.`id_jenis_soal`
JOIN `jawaban_soal` ON `soal`.`id_soal` = `jawaban_soal`.`id_soal`
WHERE `soal_ujian`.`id_test` = \'1\'
GROUP BY `soal_ujian`.`id_soal`, `soal`.`isi_soal`, `jenis_soal`.`nama_jenis_soal`')
 2 SYSTEMPATH\Database\BaseConnection.php(648): CodeIgniter\Database\BaseConnection->simpleQuery('SELECT `soal_ujian`.`id_soal_ujian`, `soal_ujian`.`id_test`, `soal_ujian`.`id_soal`, `soal`.`isi_soal`, `jenis_soal`.`nama_jenis_soal`, GROUP_CONCAT(jawaban_soal.jawaban_soal SEPARATOR "|") as jawaban_list
FROM `soal_ujian`
JOIN `soal` ON `soal_ujian`.`id_soal` = `soal`.`id_soal`
JOIN `jenis_soal` ON `soal`.`id_jenis_soal` = `jenis_soal`.`id_jenis_soal`
JOIN `jawaban_soal` ON `soal`.`id_soal` = `jawaban_soal`.`id_soal`
WHERE `soal_ujian`.`id_test` = \'1\'
GROUP BY `soal_ujian`.`id_soal`, `soal`.`isi_soal`, `jenis_soal`.`nama_jenis_soal`')
 3 SYSTEMPATH\Database\BaseBuilder.php(1644): CodeIgniter\Database\BaseConnection->query('SELECT `soal_ujian`.`id_soal_ujian`, `soal_ujian`.`id_test`, `soal_ujian`.`id_soal`, `soal`.`isi_soal`, `jenis_soal`.`nama_jenis_soal`, GROUP_CONCAT(jawaban_soal.jawaban_soal SEPARATOR "|") as jawaban_list
FROM `soal_ujian`
JOIN `soal` ON `soal_ujian`.`id_soal` = `soal`.`id_soal`
JOIN `jenis_soal` ON `soal`.`id_jenis_soal` = `jenis_soal`.`id_jenis_soal`
JOIN `jawaban_soal` ON `soal`.`id_soal` = `jawaban_soal`.`id_soal`
WHERE `soal_ujian`.`id_test` = :soal_ujian.id_test:
GROUP BY `soal_ujian`.`id_soal`, `soal`.`isi_soal`, `jenis_soal`.`nama_jenis_soal`', [...], false)
 4 SYSTEMPATH\Model.php(286): CodeIgniter\Database\BaseBuilder->get()
 5 SYSTEMPATH\BaseModel.php(676): CodeIgniter\Model->doFindAll(0, 0)
 6 APPPATH\Controllers\User.php(77): CodeIgniter\BaseModel->findAll()
 7 SYSTEMPATH\CodeIgniter.php(933): App\Controllers\User->test('6b86b273ff34fce19d6b804eff5a3f5747ada4eaa22f1d49c01e52ddb7875b4b')
 8 SYSTEMPATH\CodeIgniter.php(509): CodeIgniter\CodeIgniter->runController(Object(App\Controllers\User))
 9 SYSTEMPATH\CodeIgniter.php(355): CodeIgniter\CodeIgniter->handleRequest(null, Object(Config\Cache), false)
10 SYSTEMPATH\Boot.php(325): CodeIgniter\CodeIgniter->run()
11 SYSTEMPATH\Boot.php(67): CodeIgniter\Boot::runCodeIgniter(Object(CodeIgniter\CodeIgniter))
12 FCPATH\index.php(56): CodeIgniter\Boot::bootWeb(Object(Config\Paths))
13 SYSTEMPATH\rewrite.php(44): require_once('C:\\Users\\Marc Satrio\\Desktop\\psikotest\\psikotest\\public\\index.php')
CRITICAL - 2024-09-19 04:10:26 --> [Caused by] mysqli_sql_exception: Expression #1 of SELECT list is not in GROUP BY clause and contains nonaggregated column 'test.soal_ujian.id_soal_ujian' which is not functionally dependent on columns in GROUP BY clause; this is incompatible with sql_mode=only_full_group_by
in SYSTEMPATH\Database\MySQLi\Connection.php on line 312.
 1 SYSTEMPATH\Database\MySQLi\Connection.php(312): mysqli->query('SELECT `soal_ujian`.`id_soal_ujian`, `soal_ujian`.`id_test`, `soal_ujian`.`id_soal`, `soal`.`isi_soal`, `jenis_soal`.`nama_jenis_soal`, GROUP_CONCAT(jawaban_soal.jawaban_soal SEPARATOR "|") as jawaban_list
FROM `soal_ujian`
JOIN `soal` ON `soal_ujian`.`id_soal` = `soal`.`id_soal`
JOIN `jenis_soal` ON `soal`.`id_jenis_soal` = `jenis_soal`.`id_jenis_soal`
JOIN `jawaban_soal` ON `soal`.`id_soal` = `jawaban_soal`.`id_soal`
WHERE `soal_ujian`.`id_test` = \'1\'
GROUP BY `soal_ujian`.`id_soal`, `soal`.`isi_soal`, `jenis_soal`.`nama_jenis_soal`', 0)
 2 SYSTEMPATH\Database\BaseConnection.php(734): CodeIgniter\Database\MySQLi\Connection->execute('SELECT `soal_ujian`.`id_soal_ujian`, `soal_ujian`.`id_test`, `soal_ujian`.`id_soal`, `soal`.`isi_soal`, `jenis_soal`.`nama_jenis_soal`, GROUP_CONCAT(jawaban_soal.jawaban_soal SEPARATOR "|") as jawaban_list
FROM `soal_ujian`
JOIN `soal` ON `soal_ujian`.`id_soal` = `soal`.`id_soal`
JOIN `jenis_soal` ON `soal`.`id_jenis_soal` = `jenis_soal`.`id_jenis_soal`
JOIN `jawaban_soal` ON `soal`.`id_soal` = `jawaban_soal`.`id_soal`
WHERE `soal_ujian`.`id_test` = \'1\'
GROUP BY `soal_ujian`.`id_soal`, `soal`.`isi_soal`, `jenis_soal`.`nama_jenis_soal`')
 3 SYSTEMPATH\Database\BaseConnection.php(648): CodeIgniter\Database\BaseConnection->simpleQuery('SELECT `soal_ujian`.`id_soal_ujian`, `soal_ujian`.`id_test`, `soal_ujian`.`id_soal`, `soal`.`isi_soal`, `jenis_soal`.`nama_jenis_soal`, GROUP_CONCAT(jawaban_soal.jawaban_soal SEPARATOR "|") as jawaban_list
FROM `soal_ujian`
JOIN `soal` ON `soal_ujian`.`id_soal` = `soal`.`id_soal`
JOIN `jenis_soal` ON `soal`.`id_jenis_soal` = `jenis_soal`.`id_jenis_soal`
JOIN `jawaban_soal` ON `soal`.`id_soal` = `jawaban_soal`.`id_soal`
WHERE `soal_ujian`.`id_test` = \'1\'
GROUP BY `soal_ujian`.`id_soal`, `soal`.`isi_soal`, `jenis_soal`.`nama_jenis_soal`')
 4 SYSTEMPATH\Database\BaseBuilder.php(1644): CodeIgniter\Database\BaseConnection->query('SELECT `soal_ujian`.`id_soal_ujian`, `soal_ujian`.`id_test`, `soal_ujian`.`id_soal`, `soal`.`isi_soal`, `jenis_soal`.`nama_jenis_soal`, GROUP_CONCAT(jawaban_soal.jawaban_soal SEPARATOR "|") as jawaban_list
FROM `soal_ujian`
JOIN `soal` ON `soal_ujian`.`id_soal` = `soal`.`id_soal`
JOIN `jenis_soal` ON `soal`.`id_jenis_soal` = `jenis_soal`.`id_jenis_soal`
JOIN `jawaban_soal` ON `soal`.`id_soal` = `jawaban_soal`.`id_soal`
WHERE `soal_ujian`.`id_test` = :soal_ujian.id_test:
GROUP BY `soal_ujian`.`id_soal`, `soal`.`isi_soal`, `jenis_soal`.`nama_jenis_soal`', [...], false)
 5 SYSTEMPATH\Model.php(286): CodeIgniter\Database\BaseBuilder->get()
 6 SYSTEMPATH\BaseModel.php(676): CodeIgniter\Model->doFindAll(0, 0)
 7 APPPATH\Controllers\User.php(77): CodeIgniter\BaseModel->findAll()
 8 SYSTEMPATH\CodeIgniter.php(933): App\Controllers\User->test('6b86b273ff34fce19d6b804eff5a3f5747ada4eaa22f1d49c01e52ddb7875b4b')
 9 SYSTEMPATH\CodeIgniter.php(509): CodeIgniter\CodeIgniter->runController(Object(App\Controllers\User))
10 SYSTEMPATH\CodeIgniter.php(355): CodeIgniter\CodeIgniter->handleRequest(null, Object(Config\Cache), false)
11 SYSTEMPATH\Boot.php(325): CodeIgniter\CodeIgniter->run()
12 SYSTEMPATH\Boot.php(67): CodeIgniter\Boot::runCodeIgniter(Object(CodeIgniter\CodeIgniter))
13 FCPATH\index.php(56): CodeIgniter\Boot::bootWeb(Object(Config\Paths))
14 SYSTEMPATH\rewrite.php(44): require_once('C:\\Users\\Marc Satrio\\Desktop\\psikotest\\psikotest\\public\\index.php')
INFO - 2024-09-19 04:11:23 --> Session: Class initialized using 'CodeIgniter\Session\Handlers\FileHandler' driver.
ERROR - 2024-09-19 04:11:28 --> mysqli_sql_exception: Expression #1 of SELECT list is not in GROUP BY clause and contains nonaggregated column 'test.soal_ujian.id_soal_ujian' which is not functionally dependent on columns in GROUP BY clause; this is incompatible with sql_mode=only_full_group_by in C:\Users\Marc Satrio\Desktop\psikotest\psikotest\vendor\codeigniter4\framework\system\Database\MySQLi\Connection.php:312
Stack trace:
#0 C:\Users\Marc Satrio\Desktop\psikotest\psikotest\vendor\codeigniter4\framework\system\Database\MySQLi\Connection.php(312): mysqli->query('SELECT `soal_uj...', 0)
#1 C:\Users\Marc Satrio\Desktop\psikotest\psikotest\vendor\codeigniter4\framework\system\Database\BaseConnection.php(734): CodeIgniter\Database\MySQLi\Connection->execute('SELECT `soal_uj...')
#2 C:\Users\Marc Satrio\Desktop\psikotest\psikotest\vendor\codeigniter4\framework\system\Database\BaseConnection.php(648): CodeIgniter\Database\BaseConnection->simpleQuery('SELECT `soal_uj...')
#3 C:\Users\Marc Satrio\Desktop\psikotest\psikotest\vendor\codeigniter4\framework\system\Database\BaseBuilder.php(1644): CodeIgniter\Database\BaseConnection->query('SELECT `soal_uj...', Array, false)
#4 C:\Users\Marc Satrio\Desktop\psikotest\psikotest\vendor\codeigniter4\framework\system\Model.php(286): CodeIgniter\Database\BaseBuilder->get()
#5 C:\Users\Marc Satrio\Desktop\psikotest\psikotest\vendor\codeigniter4\framework\system\BaseModel.php(676): CodeIgniter\Model->doFindAll(0, 0)
#6 C:\Users\Marc Satrio\Desktop\psikotest\psikotest\app\Controllers\User.php(77): CodeIgniter\BaseModel->findAll()
#7 C:\Users\Marc Satrio\Desktop\psikotest\psikotest\vendor\codeigniter4\framework\system\CodeIgniter.php(933): App\Controllers\User->test('6b86b273ff34fce...')
#8 C:\Users\Marc Satrio\Desktop\psikotest\psikotest\vendor\codeigniter4\framework\system\CodeIgniter.php(509): CodeIgniter\CodeIgniter->runController(Object(App\Controllers\User))
#9 C:\Users\Marc Satrio\Desktop\psikotest\psikotest\vendor\codeigniter4\framework\system\CodeIgniter.php(355): CodeIgniter\CodeIgniter->handleRequest(NULL, Object(Config\Cache), false)
#10 C:\Users\Marc Satrio\Desktop\psikotest\psikotest\vendor\codeigniter4\framework\system\Boot.php(325): CodeIgniter\CodeIgniter->run()
#11 C:\Users\Marc Satrio\Desktop\psikotest\psikotest\vendor\codeigniter4\framework\system\Boot.php(67): CodeIgniter\Boot::runCodeIgniter(Object(CodeIgniter\CodeIgniter))
#12 C:\Users\Marc Satrio\Desktop\psikotest\psikotest\public\index.php(56): CodeIgniter\Boot::bootWeb(Object(Config\Paths))
#13 C:\Users\Marc Satrio\Desktop\psikotest\psikotest\vendor\codeigniter4\framework\system\rewrite.php(44): require_once('C:\\Users\\Marc S...')
#14 {main}
CRITICAL - 2024-09-19 04:11:28 --> CodeIgniter\Database\Exceptions\DatabaseException: Expression #1 of SELECT list is not in GROUP BY clause and contains nonaggregated column 'test.soal_ujian.id_soal_ujian' which is not functionally dependent on columns in GROUP BY clause; this is incompatible with sql_mode=only_full_group_by
[Method: GET, Route: user/test/6b86b273ff34fce19d6b804eff5a3f5747ada4eaa22f1d49c01e52ddb7875b4b]
in SYSTEMPATH\Database\BaseConnection.php on line 688.
 1 SYSTEMPATH\Database\BaseBuilder.php(1644): CodeIgniter\Database\BaseConnection->query('SELECT `soal_ujian`.`id_soal_ujian`, `soal_ujian`.`id_test`, `soal_ujian`.`id_soal`, `soal`.`isi_soal`, `jenis_soal`.`nama_jenis_soal`, GROUP_CONCAT(jawaban_soal.jawaban_soal SEPARATOR "|") as jawaban_list
FROM `soal_ujian`
JOIN `soal` ON `soal_ujian`.`id_soal` = `soal`.`id_soal`
JOIN `jenis_soal` ON `soal`.`id_jenis_soal` = `jenis_soal`.`id_jenis_soal`
JOIN `jawaban_soal` ON `soal`.`id_soal` = `jawaban_soal`.`id_soal`
WHERE `soal_ujian`.`id_test` = :soal_ujian.id_test:
GROUP BY `soal_ujian`.`id_soal`, `soal`.`isi_soal`, `jenis_soal`.`nama_jenis_soal`', [...], false)
 2 SYSTEMPATH\Model.php(286): CodeIgniter\Database\BaseBuilder->get()
 3 SYSTEMPATH\BaseModel.php(676): CodeIgniter\Model->doFindAll(0, 0)
 4 APPPATH\Controllers\User.php(77): CodeIgniter\BaseModel->findAll()
 5 SYSTEMPATH\CodeIgniter.php(933): App\Controllers\User->test('6b86b273ff34fce19d6b804eff5a3f5747ada4eaa22f1d49c01e52ddb7875b4b')
 6 SYSTEMPATH\CodeIgniter.php(509): CodeIgniter\CodeIgniter->runController(Object(App\Controllers\User))
 7 SYSTEMPATH\CodeIgniter.php(355): CodeIgniter\CodeIgniter->handleRequest(null, Object(Config\Cache), false)
 8 SYSTEMPATH\Boot.php(325): CodeIgniter\CodeIgniter->run()
 9 SYSTEMPATH\Boot.php(67): CodeIgniter\Boot::runCodeIgniter(Object(CodeIgniter\CodeIgniter))
10 FCPATH\index.php(56): CodeIgniter\Boot::bootWeb(Object(Config\Paths))
11 SYSTEMPATH\rewrite.php(44): require_once('C:\\Users\\Marc Satrio\\Desktop\\psikotest\\psikotest\\public\\index.php')
CRITICAL - 2024-09-19 04:11:28 --> [Caused by] CodeIgniter\Database\Exceptions\DatabaseException: Expression #1 of SELECT list is not in GROUP BY clause and contains nonaggregated column 'test.soal_ujian.id_soal_ujian' which is not functionally dependent on columns in GROUP BY clause; this is incompatible with sql_mode=only_full_group_by
in SYSTEMPATH\Database\MySQLi\Connection.php on line 317.
 1 SYSTEMPATH\Database\BaseConnection.php(734): CodeIgniter\Database\MySQLi\Connection->execute('SELECT `soal_ujian`.`id_soal_ujian`, `soal_ujian`.`id_test`, `soal_ujian`.`id_soal`, `soal`.`isi_soal`, `jenis_soal`.`nama_jenis_soal`, GROUP_CONCAT(jawaban_soal.jawaban_soal SEPARATOR "|") as jawaban_list
FROM `soal_ujian`
JOIN `soal` ON `soal_ujian`.`id_soal` = `soal`.`id_soal`
JOIN `jenis_soal` ON `soal`.`id_jenis_soal` = `jenis_soal`.`id_jenis_soal`
JOIN `jawaban_soal` ON `soal`.`id_soal` = `jawaban_soal`.`id_soal`
WHERE `soal_ujian`.`id_test` = \'1\'
GROUP BY `soal_ujian`.`id_soal`, `soal`.`isi_soal`, `jenis_soal`.`nama_jenis_soal`')
 2 SYSTEMPATH\Database\BaseConnection.php(648): CodeIgniter\Database\BaseConnection->simpleQuery('SELECT `soal_ujian`.`id_soal_ujian`, `soal_ujian`.`id_test`, `soal_ujian`.`id_soal`, `soal`.`isi_soal`, `jenis_soal`.`nama_jenis_soal`, GROUP_CONCAT(jawaban_soal.jawaban_soal SEPARATOR "|") as jawaban_list
FROM `soal_ujian`
JOIN `soal` ON `soal_ujian`.`id_soal` = `soal`.`id_soal`
JOIN `jenis_soal` ON `soal`.`id_jenis_soal` = `jenis_soal`.`id_jenis_soal`
JOIN `jawaban_soal` ON `soal`.`id_soal` = `jawaban_soal`.`id_soal`
WHERE `soal_ujian`.`id_test` = \'1\'
GROUP BY `soal_ujian`.`id_soal`, `soal`.`isi_soal`, `jenis_soal`.`nama_jenis_soal`')
 3 SYSTEMPATH\Database\BaseBuilder.php(1644): CodeIgniter\Database\BaseConnection->query('SELECT `soal_ujian`.`id_soal_ujian`, `soal_ujian`.`id_test`, `soal_ujian`.`id_soal`, `soal`.`isi_soal`, `jenis_soal`.`nama_jenis_soal`, GROUP_CONCAT(jawaban_soal.jawaban_soal SEPARATOR "|") as jawaban_list
FROM `soal_ujian`
JOIN `soal` ON `soal_ujian`.`id_soal` = `soal`.`id_soal`
JOIN `jenis_soal` ON `soal`.`id_jenis_soal` = `jenis_soal`.`id_jenis_soal`
JOIN `jawaban_soal` ON `soal`.`id_soal` = `jawaban_soal`.`id_soal`
WHERE `soal_ujian`.`id_test` = :soal_ujian.id_test:
GROUP BY `soal_ujian`.`id_soal`, `soal`.`isi_soal`, `jenis_soal`.`nama_jenis_soal`', [...], false)
 4 SYSTEMPATH\Model.php(286): CodeIgniter\Database\BaseBuilder->get()
 5 SYSTEMPATH\BaseModel.php(676): CodeIgniter\Model->doFindAll(0, 0)
 6 APPPATH\Controllers\User.php(77): CodeIgniter\BaseModel->findAll()
 7 SYSTEMPATH\CodeIgniter.php(933): App\Controllers\User->test('6b86b273ff34fce19d6b804eff5a3f5747ada4eaa22f1d49c01e52ddb7875b4b')
 8 SYSTEMPATH\CodeIgniter.php(509): CodeIgniter\CodeIgniter->runController(Object(App\Controllers\User))
 9 SYSTEMPATH\CodeIgniter.php(355): CodeIgniter\CodeIgniter->handleRequest(null, Object(Config\Cache), false)
10 SYSTEMPATH\Boot.php(325): CodeIgniter\CodeIgniter->run()
11 SYSTEMPATH\Boot.php(67): CodeIgniter\Boot::runCodeIgniter(Object(CodeIgniter\CodeIgniter))
12 FCPATH\index.php(56): CodeIgniter\Boot::bootWeb(Object(Config\Paths))
13 SYSTEMPATH\rewrite.php(44): require_once('C:\\Users\\Marc Satrio\\Desktop\\psikotest\\psikotest\\public\\index.php')
CRITICAL - 2024-09-19 04:11:28 --> [Caused by] mysqli_sql_exception: Expression #1 of SELECT list is not in GROUP BY clause and contains nonaggregated column 'test.soal_ujian.id_soal_ujian' which is not functionally dependent on columns in GROUP BY clause; this is incompatible with sql_mode=only_full_group_by
in SYSTEMPATH\Database\MySQLi\Connection.php on line 312.
 1 SYSTEMPATH\Database\MySQLi\Connection.php(312): mysqli->query('SELECT `soal_ujian`.`id_soal_ujian`, `soal_ujian`.`id_test`, `soal_ujian`.`id_soal`, `soal`.`isi_soal`, `jenis_soal`.`nama_jenis_soal`, GROUP_CONCAT(jawaban_soal.jawaban_soal SEPARATOR "|") as jawaban_list
FROM `soal_ujian`
JOIN `soal` ON `soal_ujian`.`id_soal` = `soal`.`id_soal`
JOIN `jenis_soal` ON `soal`.`id_jenis_soal` = `jenis_soal`.`id_jenis_soal`
JOIN `jawaban_soal` ON `soal`.`id_soal` = `jawaban_soal`.`id_soal`
WHERE `soal_ujian`.`id_test` = \'1\'
GROUP BY `soal_ujian`.`id_soal`, `soal`.`isi_soal`, `jenis_soal`.`nama_jenis_soal`', 0)
 2 SYSTEMPATH\Database\BaseConnection.php(734): CodeIgniter\Database\MySQLi\Connection->execute('SELECT `soal_ujian`.`id_soal_ujian`, `soal_ujian`.`id_test`, `soal_ujian`.`id_soal`, `soal`.`isi_soal`, `jenis_soal`.`nama_jenis_soal`, GROUP_CONCAT(jawaban_soal.jawaban_soal SEPARATOR "|") as jawaban_list
FROM `soal_ujian`
JOIN `soal` ON `soal_ujian`.`id_soal` = `soal`.`id_soal`
JOIN `jenis_soal` ON `soal`.`id_jenis_soal` = `jenis_soal`.`id_jenis_soal`
JOIN `jawaban_soal` ON `soal`.`id_soal` = `jawaban_soal`.`id_soal`
WHERE `soal_ujian`.`id_test` = \'1\'
GROUP BY `soal_ujian`.`id_soal`, `soal`.`isi_soal`, `jenis_soal`.`nama_jenis_soal`')
 3 SYSTEMPATH\Database\BaseConnection.php(648): CodeIgniter\Database\BaseConnection->simpleQuery('SELECT `soal_ujian`.`id_soal_ujian`, `soal_ujian`.`id_test`, `soal_ujian`.`id_soal`, `soal`.`isi_soal`, `jenis_soal`.`nama_jenis_soal`, GROUP_CONCAT(jawaban_soal.jawaban_soal SEPARATOR "|") as jawaban_list
FROM `soal_ujian`
JOIN `soal` ON `soal_ujian`.`id_soal` = `soal`.`id_soal`
JOIN `jenis_soal` ON `soal`.`id_jenis_soal` = `jenis_soal`.`id_jenis_soal`
JOIN `jawaban_soal` ON `soal`.`id_soal` = `jawaban_soal`.`id_soal`
WHERE `soal_ujian`.`id_test` = \'1\'
GROUP BY `soal_ujian`.`id_soal`, `soal`.`isi_soal`, `jenis_soal`.`nama_jenis_soal`')
 4 SYSTEMPATH\Database\BaseBuilder.php(1644): CodeIgniter\Database\BaseConnection->query('SELECT `soal_ujian`.`id_soal_ujian`, `soal_ujian`.`id_test`, `soal_ujian`.`id_soal`, `soal`.`isi_soal`, `jenis_soal`.`nama_jenis_soal`, GROUP_CONCAT(jawaban_soal.jawaban_soal SEPARATOR "|") as jawaban_list
FROM `soal_ujian`
JOIN `soal` ON `soal_ujian`.`id_soal` = `soal`.`id_soal`
JOIN `jenis_soal` ON `soal`.`id_jenis_soal` = `jenis_soal`.`id_jenis_soal`
JOIN `jawaban_soal` ON `soal`.`id_soal` = `jawaban_soal`.`id_soal`
WHERE `soal_ujian`.`id_test` = :soal_ujian.id_test:
GROUP BY `soal_ujian`.`id_soal`, `soal`.`isi_soal`, `jenis_soal`.`nama_jenis_soal`', [...], false)
 5 SYSTEMPATH\Model.php(286): CodeIgniter\Database\BaseBuilder->get()
 6 SYSTEMPATH\BaseModel.php(676): CodeIgniter\Model->doFindAll(0, 0)
 7 APPPATH\Controllers\User.php(77): CodeIgniter\BaseModel->findAll()
 8 SYSTEMPATH\CodeIgniter.php(933): App\Controllers\User->test('6b86b273ff34fce19d6b804eff5a3f5747ada4eaa22f1d49c01e52ddb7875b4b')
 9 SYSTEMPATH\CodeIgniter.php(509): CodeIgniter\CodeIgniter->runController(Object(App\Controllers\User))
10 SYSTEMPATH\CodeIgniter.php(355): CodeIgniter\CodeIgniter->handleRequest(null, Object(Config\Cache), false)
11 SYSTEMPATH\Boot.php(325): CodeIgniter\CodeIgniter->run()
12 SYSTEMPATH\Boot.php(67): CodeIgniter\Boot::runCodeIgniter(Object(CodeIgniter\CodeIgniter))
13 FCPATH\index.php(56): CodeIgniter\Boot::bootWeb(Object(Config\Paths))
14 SYSTEMPATH\rewrite.php(44): require_once('C:\\Users\\Marc Satrio\\Desktop\\psikotest\\psikotest\\public\\index.php')
INFO - 2024-09-19 04:11:51 --> Session: Class initialized using 'CodeIgniter\Session\Handlers\FileHandler' driver.
INFO - 2024-09-19 04:12:58 --> Session: Class initialized using 'CodeIgniter\Session\Handlers\FileHandler' driver.
INFO - 2024-09-19 04:13:36 --> Session: Class initialized using 'CodeIgniter\Session\Handlers\FileHandler' driver.
INFO - 2024-09-19 04:13:43 --> Session: Class initialized using 'CodeIgniter\Session\Handlers\FileHandler' driver.
INFO - 2024-09-19 04:13:48 --> Session: Class initialized using 'CodeIgniter\Session\Handlers\FileHandler' driver.
INFO - 2024-09-19 04:13:57 --> Session: Class initialized using 'CodeIgniter\Session\Handlers\FileHandler' driver.
INFO - 2024-09-19 04:14:09 --> Session: Class initialized using 'CodeIgniter\Session\Handlers\FileHandler' driver.
INFO - 2024-09-19 04:14:30 --> Session: Class initialized using 'CodeIgniter\Session\Handlers\FileHandler' driver.
INFO - 2024-09-19 04:14:30 --> Session: Class initialized using 'CodeIgniter\Session\Handlers\FileHandler' driver.
INFO - 2024-09-19 04:14:44 --> Session: Class initialized using 'CodeIgniter\Session\Handlers\FileHandler' driver.
INFO - 2024-09-19 04:14:44 --> Session: Class initialized using 'CodeIgniter\Session\Handlers\FileHandler' driver.
INFO - 2024-09-19 04:14:57 --> Session: Class initialized using 'CodeIgniter\Session\Handlers\FileHandler' driver.
INFO - 2024-09-19 04:14:57 --> Session: Class initialized using 'CodeIgniter\Session\Handlers\FileHandler' driver.
INFO - 2024-09-19 04:15:21 --> Session: Class initialized using 'CodeIgniter\Session\Handlers\FileHandler' driver.
INFO - 2024-09-19 04:15:26 --> Session: Class initialized using 'CodeIgniter\Session\Handlers\FileHandler' driver.
INFO - 2024-09-19 04:15:31 --> Session: Class initialized using 'CodeIgniter\Session\Handlers\FileHandler' driver.
INFO - 2024-09-19 04:16:08 --> Session: Class initialized using 'CodeIgniter\Session\Handlers\FileHandler' driver.
INFO - 2024-09-19 04:16:21 --> Session: Class initialized using 'CodeIgniter\Session\Handlers\FileHandler' driver.
INFO - 2024-09-19 04:26:16 --> Session: Class initialized using 'CodeIgniter\Session\Handlers\FileHandler' driver.
INFO - 2024-09-19 04:28:59 --> Session: Class initialized using 'CodeIgniter\Session\Handlers\FileHandler' driver.
CRITICAL - 2024-09-19 04:29:04 --> ErrorException: Trying to access array offset on value of type null
[Method: GET, Route: admin/detail_soal/7]
in APPPATH\Views\admin\detail_soal.php on line 43.
 1 APPPATH\Views\admin\detail_soal.php(43): CodeIgniter\Debug\Exceptions->errorHandler(2, 'Trying to access array offset on value of type null', 'C:\\Users\\Marc Satrio\\Desktop\\psikotest\\psikotest\\app\\Views\\admin\\detail_soal.php', 43)
 2 SYSTEMPATH\View\View.php(234): include('C:\\Users\\Marc Satrio\\Desktop\\psikotest\\psikotest\\app\\Views\\admin\\detail_soal.php')
 3 SYSTEMPATH\View\View.php(237): CodeIgniter\View\View->CodeIgniter\View\{closure}()
 4 SYSTEMPATH\Common.php(1171): CodeIgniter\View\View->render('admin/detail_soal', [], true)
 5 APPPATH\Controllers\Admin.php(260): view('admin/detail_soal', [...])
 6 SYSTEMPATH\CodeIgniter.php(933): App\Controllers\Admin->detail_soal('7')
 7 SYSTEMPATH\CodeIgniter.php(509): CodeIgniter\CodeIgniter->runController(Object(App\Controllers\Admin))
 8 SYSTEMPATH\CodeIgniter.php(355): CodeIgniter\CodeIgniter->handleRequest(null, Object(Config\Cache), false)
 9 SYSTEMPATH\Boot.php(325): CodeIgniter\CodeIgniter->run()
10 SYSTEMPATH\Boot.php(67): CodeIgniter\Boot::runCodeIgniter(Object(CodeIgniter\CodeIgniter))
11 FCPATH\index.php(56): CodeIgniter\Boot::bootWeb(Object(Config\Paths))
12 SYSTEMPATH\rewrite.php(44): require_once('C:\\Users\\Marc Satrio\\Desktop\\psikotest\\psikotest\\public\\index.php')
INFO - 2024-09-19 04:29:30 --> Session: Class initialized using 'CodeIgniter\Session\Handlers\FileHandler' driver.
INFO - 2024-09-19 04:32:32 --> Session: Class initialized using 'CodeIgniter\Session\Handlers\FileHandler' driver.
INFO - 2024-09-19 04:32:44 --> Session: Class initialized using 'CodeIgniter\Session\Handlers\FileHandler' driver.
INFO - 2024-09-19 04:32:49 --> Session: Class initialized using 'CodeIgniter\Session\Handlers\FileHandler' driver.
INFO - 2024-09-19 04:33:53 --> Session: Class initialized using 'CodeIgniter\Session\Handlers\FileHandler' driver.
INFO - 2024-09-19 04:33:58 --> Session: Class initialized using 'CodeIgniter\Session\Handlers\FileHandler' driver.
INFO - 2024-09-19 04:34:05 --> Session: Class initialized using 'CodeIgniter\Session\Handlers\FileHandler' driver.
INFO - 2024-09-19 04:35:16 --> Session: Class initialized using 'CodeIgniter\Session\Handlers\FileHandler' driver.
INFO - 2024-09-19 04:35:22 --> Session: Class initialized using 'CodeIgniter\Session\Handlers\FileHandler' driver.
INFO - 2024-09-19 04:35:32 --> Session: Class initialized using 'CodeIgniter\Session\Handlers\FileHandler' driver.
INFO - 2024-09-19 04:36:05 --> Session: Class initialized using 'CodeIgniter\Session\Handlers\FileHandler' driver.
INFO - 2024-09-19 04:36:05 --> Session: Class initialized using 'CodeIgniter\Session\Handlers\FileHandler' driver.
INFO - 2024-09-19 04:41:39 --> Session: Class initialized using 'CodeIgniter\Session\Handlers\FileHandler' driver.
INFO - 2024-09-19 04:41:39 --> Session: Class initialized using 'CodeIgniter\Session\Handlers\FileHandler' driver.
INFO - 2024-09-19 04:41:42 --> Session: Class initialized using 'CodeIgniter\Session\Handlers\FileHandler' driver.
INFO - 2024-09-19 04:41:47 --> Session: Class initialized using 'CodeIgniter\Session\Handlers\FileHandler' driver.
INFO - 2024-09-19 04:41:51 --> Session: Class initialized using 'CodeIgniter\Session\Handlers\FileHandler' driver.
INFO - 2024-09-19 04:41:57 --> Session: Class initialized using 'CodeIgniter\Session\Handlers\FileHandler' driver.
INFO - 2024-09-19 04:44:53 --> Session: Class initialized using 'CodeIgniter\Session\Handlers\FileHandler' driver.
INFO - 2024-09-19 04:47:15 --> Session: Class initialized using 'CodeIgniter\Session\Handlers\FileHandler' driver.
INFO - 2024-09-19 04:47:56 --> Session: Class initialized using 'CodeIgniter\Session\Handlers\FileHandler' driver.
INFO - 2024-09-19 04:48:46 --> Session: Class initialized using 'CodeIgniter\Session\Handlers\FileHandler' driver.
INFO - 2024-09-19 04:48:47 --> Session: Class initialized using 'CodeIgniter\Session\Handlers\FileHandler' driver.
INFO - 2024-09-19 04:50:17 --> Session: Class initialized using 'CodeIgniter\Session\Handlers\FileHandler' driver.
INFO - 2024-09-19 04:50:25 --> Session: Class initialized using 'CodeIgniter\Session\Handlers\FileHandler' driver.
INFO - 2024-09-19 04:50:26 --> Session: Class initialized using 'CodeIgniter\Session\Handlers\FileHandler' driver.
INFO - 2024-09-19 04:50:32 --> Session: Class initialized using 'CodeIgniter\Session\Handlers\FileHandler' driver.
INFO - 2024-09-19 04:50:32 --> Session: Class initialized using 'CodeIgniter\Session\Handlers\FileHandler' driver.
INFO - 2024-09-19 04:50:38 --> Session: Class initialized using 'CodeIgniter\Session\Handlers\FileHandler' driver.
INFO - 2024-09-19 04:50:39 --> Session: Class initialized using 'CodeIgniter\Session\Handlers\FileHandler' driver.
INFO - 2024-09-19 04:50:51 --> Session: Class initialized using 'CodeIgniter\Session\Handlers\FileHandler' driver.
INFO - 2024-09-19 04:50:57 --> Session: Class initialized using 'CodeIgniter\Session\Handlers\FileHandler' driver.
INFO - 2024-09-19 04:50:59 --> Session: Class initialized using 'CodeIgniter\Session\Handlers\FileHandler' driver.
INFO - 2024-09-19 04:51:00 --> Session: Class initialized using 'CodeIgniter\Session\Handlers\FileHandler' driver.
INFO - 2024-09-19 06:25:22 --> Session: Class initialized using 'CodeIgniter\Session\Handlers\FileHandler' driver.
INFO - 2024-09-19 06:25:47 --> Session: Class initialized using 'CodeIgniter\Session\Handlers\FileHandler' driver.
