INFO - 2024-11-05 01:01:13 --> Session: Class initialized using 'CodeIgniter\Session\Handlers\FileHandler' driver.
INFO - 2024-11-05 01:01:25 --> Session: Class initialized using 'CodeIgniter\Session\Handlers\FileHandler' driver.
INFO - 2024-11-05 01:01:33 --> Session: Class initialized using 'CodeIgniter\Session\Handlers\FileHandler' driver.
INFO - 2024-11-05 01:01:37 --> Session: Class initialized using 'CodeIgniter\Session\Handlers\FileHandler' driver.
INFO - 2024-11-05 01:01:47 --> Session: Class initialized using 'CodeIgniter\Session\Handlers\FileHandler' driver.
INFO - 2024-11-05 01:02:44 --> Session: Class initialized using 'CodeIgniter\Session\Handlers\FileHandler' driver.
INFO - 2024-11-05 03:51:35 --> Session: Class initialized using 'CodeIgniter\Session\Handlers\FileHandler' driver.
CRITICAL - 2024-11-05 03:51:36 --> Error: Class "App\Controllers\DataDiriModel" not found
[Method: GET, Route: /]
in APPPATH\Controllers\Auth.php on line 17.
 1 SYSTEMPATH\CodeIgniter.php(903): App\Controllers\Auth->__construct()
 2 SYSTEMPATH\CodeIgniter.php(500): CodeIgniter\CodeIgniter->createController()
 3 SYSTEMPATH\CodeIgniter.php(355): CodeIgniter\CodeIgniter->handleRequest(null, Object(Config\Cache), false)
 4 SYSTEMPATH\Boot.php(325): CodeIgniter\CodeIgniter->run()
 5 SYSTEMPATH\Boot.php(67): CodeIgniter\Boot::runCodeIgniter(Object(CodeIgniter\CodeIgniter))
 6 FCPATH\index.php(56): CodeIgniter\Boot::bootWeb(Object(Config\Paths))
 7 SYSTEMPATH\rewrite.php(44): require_once('C:\\laragon\\www\\psikotest\\public\\index.php')
CRITICAL - 2024-11-05 03:53:36 --> Error: Class "App\Controllers\DataDiriModel" not found
[Method: GET, Route: /]
in APPPATH\Controllers\Auth.php on line 17.
 1 SYSTEMPATH\CodeIgniter.php(903): App\Controllers\Auth->__construct()
 2 SYSTEMPATH\CodeIgniter.php(500): CodeIgniter\CodeIgniter->createController()
 3 SYSTEMPATH\CodeIgniter.php(355): CodeIgniter\CodeIgniter->handleRequest(null, Object(Config\Cache), false)
 4 SYSTEMPATH\Boot.php(325): CodeIgniter\CodeIgniter->run()
 5 SYSTEMPATH\Boot.php(67): CodeIgniter\Boot::runCodeIgniter(Object(CodeIgniter\CodeIgniter))
 6 FCPATH\index.php(56): CodeIgniter\Boot::bootWeb(Object(Config\Paths))
 7 SYSTEMPATH\rewrite.php(44): require_once('C:\\laragon\\www\\psikotest\\public\\index.php')
CRITICAL - 2024-11-05 03:53:38 --> Error: Class "App\Controllers\DataDiriModel" not found
[Method: GET, Route: /]
in APPPATH\Controllers\Auth.php on line 17.
 1 SYSTEMPATH\CodeIgniter.php(903): App\Controllers\Auth->__construct()
 2 SYSTEMPATH\CodeIgniter.php(500): CodeIgniter\CodeIgniter->createController()
 3 SYSTEMPATH\CodeIgniter.php(355): CodeIgniter\CodeIgniter->handleRequest(null, Object(Config\Cache), false)
 4 SYSTEMPATH\Boot.php(325): CodeIgniter\CodeIgniter->run()
 5 SYSTEMPATH\Boot.php(67): CodeIgniter\Boot::runCodeIgniter(Object(CodeIgniter\CodeIgniter))
 6 FCPATH\index.php(56): CodeIgniter\Boot::bootWeb(Object(Config\Paths))
 7 SYSTEMPATH\rewrite.php(44): require_once('C:\\laragon\\www\\psikotest\\public\\index.php')
INFO - 2024-11-05 03:54:23 --> Session: Class initialized using 'CodeIgniter\Session\Handlers\FileHandler' driver.
INFO - 2024-11-05 03:54:32 --> Session: Class initialized using 'CodeIgniter\Session\Handlers\FileHandler' driver.
CRITICAL - 2024-11-05 03:54:44 --> ErrorException: Undefined array key "nama_user"
[Method: POST, Route: action_login]
in APPPATH\Controllers\Auth.php on line 64.
 1 APPPATH\Controllers\Auth.php(64): CodeIgniter\Debug\Exceptions->errorHandler(2, 'Undefined array key "nama_user"', 'C:\\laragon\\www\\psikotest\\app\\Controllers\\Auth.php', 64)
 2 SYSTEMPATH\CodeIgniter.php(933): App\Controllers\Auth->action_login()
 3 SYSTEMPATH\CodeIgniter.php(509): CodeIgniter\CodeIgniter->runController(Object(App\Controllers\Auth))
 4 SYSTEMPATH\CodeIgniter.php(355): CodeIgniter\CodeIgniter->handleRequest(null, Object(Config\Cache), false)
 5 SYSTEMPATH\Boot.php(325): CodeIgniter\CodeIgniter->run()
 6 SYSTEMPATH\Boot.php(67): CodeIgniter\Boot::runCodeIgniter(Object(CodeIgniter\CodeIgniter))
 7 FCPATH\index.php(56): CodeIgniter\Boot::bootWeb(Object(Config\Paths))
 8 SYSTEMPATH\rewrite.php(44): require_once('C:\\laragon\\www\\psikotest\\public\\index.php')
INFO - 2024-11-05 03:58:03 --> Session: Class initialized using 'CodeIgniter\Session\Handlers\FileHandler' driver.
INFO - 2024-11-05 03:58:13 --> Session: Class initialized using 'CodeIgniter\Session\Handlers\FileHandler' driver.
INFO - 2024-11-05 04:03:48 --> Session: Class initialized using 'CodeIgniter\Session\Handlers\FileHandler' driver.
ERROR - 2024-11-05 04:03:57 --> mysqli_sql_exception: Unknown column 'user.id_perusahaan' in 'on clause' in C:\laragon\www\psikotest\vendor\codeigniter4\framework\system\Database\MySQLi\Connection.php:312
Stack trace:
#0 C:\laragon\www\psikotest\vendor\codeigniter4\framework\system\Database\MySQLi\Connection.php(312): mysqli->query('SELECT *\nFROM `...', 0)
#1 C:\laragon\www\psikotest\vendor\codeigniter4\framework\system\Database\BaseConnection.php(734): CodeIgniter\Database\MySQLi\Connection->execute('SELECT *\nFROM `...')
#2 C:\laragon\www\psikotest\vendor\codeigniter4\framework\system\Database\BaseConnection.php(648): CodeIgniter\Database\BaseConnection->simpleQuery('SELECT *\nFROM `...')
#3 C:\laragon\www\psikotest\vendor\codeigniter4\framework\system\Database\BaseBuilder.php(1644): CodeIgniter\Database\BaseConnection->query('SELECT *\nFROM `...', Array, false)
#4 C:\laragon\www\psikotest\vendor\codeigniter4\framework\system\Model.php(286): CodeIgniter\Database\BaseBuilder->get()
#5 C:\laragon\www\psikotest\vendor\codeigniter4\framework\system\BaseModel.php(676): CodeIgniter\Model->doFindAll(0, 0)
#6 C:\laragon\www\psikotest\app\Controllers\Admin.php(45): CodeIgniter\BaseModel->findAll()
#7 C:\laragon\www\psikotest\vendor\codeigniter4\framework\system\CodeIgniter.php(933): App\Controllers\Admin->data_user()
#8 C:\laragon\www\psikotest\vendor\codeigniter4\framework\system\CodeIgniter.php(509): CodeIgniter\CodeIgniter->runController(Object(App\Controllers\Admin))
#9 C:\laragon\www\psikotest\vendor\codeigniter4\framework\system\CodeIgniter.php(355): CodeIgniter\CodeIgniter->handleRequest(NULL, Object(Config\Cache), false)
#10 C:\laragon\www\psikotest\vendor\codeigniter4\framework\system\Boot.php(325): CodeIgniter\CodeIgniter->run()
#11 C:\laragon\www\psikotest\vendor\codeigniter4\framework\system\Boot.php(67): CodeIgniter\Boot::runCodeIgniter(Object(CodeIgniter\CodeIgniter))
#12 C:\laragon\www\psikotest\public\index.php(56): CodeIgniter\Boot::bootWeb(Object(Config\Paths))
#13 C:\laragon\www\psikotest\vendor\codeigniter4\framework\system\rewrite.php(44): require_once('C:\\laragon\\www\\...')
#14 {main}
CRITICAL - 2024-11-05 04:03:57 --> CodeIgniter\Database\Exceptions\DatabaseException: Unknown column 'user.id_perusahaan' in 'on clause'
[Method: GET, Route: admin/data_user]
in SYSTEMPATH\Database\BaseConnection.php on line 688.
 1 SYSTEMPATH\Database\BaseBuilder.php(1644): CodeIgniter\Database\BaseConnection->query('SELECT *
FROM `user`
JOIN `role` ON `user`.`id_role` = `role`.`id_role`
JOIN `perusahaan` ON `user`.`id_perusahaan` = `perusahaan`.`id_perusahaan`
WHERE `user`.`id_role` = :user.id_role:', [...], false)
 2 SYSTEMPATH\Model.php(286): CodeIgniter\Database\BaseBuilder->get()
 3 SYSTEMPATH\BaseModel.php(676): CodeIgniter\Model->doFindAll(0, 0)
 4 APPPATH\Controllers\Admin.php(45): CodeIgniter\BaseModel->findAll()
 5 SYSTEMPATH\CodeIgniter.php(933): App\Controllers\Admin->data_user()
 6 SYSTEMPATH\CodeIgniter.php(509): CodeIgniter\CodeIgniter->runController(Object(App\Controllers\Admin))
 7 SYSTEMPATH\CodeIgniter.php(355): CodeIgniter\CodeIgniter->handleRequest(null, Object(Config\Cache), false)
 8 SYSTEMPATH\Boot.php(325): CodeIgniter\CodeIgniter->run()
 9 SYSTEMPATH\Boot.php(67): CodeIgniter\Boot::runCodeIgniter(Object(CodeIgniter\CodeIgniter))
10 FCPATH\index.php(56): CodeIgniter\Boot::bootWeb(Object(Config\Paths))
11 SYSTEMPATH\rewrite.php(44): require_once('C:\\laragon\\www\\psikotest\\public\\index.php')
CRITICAL - 2024-11-05 04:03:57 --> [Caused by] CodeIgniter\Database\Exceptions\DatabaseException: Unknown column 'user.id_perusahaan' in 'on clause'
in SYSTEMPATH\Database\MySQLi\Connection.php on line 317.
 1 SYSTEMPATH\Database\BaseConnection.php(734): CodeIgniter\Database\MySQLi\Connection->execute('SELECT *
FROM `user`
JOIN `role` ON `user`.`id_role` = `role`.`id_role`
JOIN `perusahaan` ON `user`.`id_perusahaan` = `perusahaan`.`id_perusahaan`
WHERE `user`.`id_role` = 2')
 2 SYSTEMPATH\Database\BaseConnection.php(648): CodeIgniter\Database\BaseConnection->simpleQuery('SELECT *
FROM `user`
JOIN `role` ON `user`.`id_role` = `role`.`id_role`
JOIN `perusahaan` ON `user`.`id_perusahaan` = `perusahaan`.`id_perusahaan`
WHERE `user`.`id_role` = 2')
 3 SYSTEMPATH\Database\BaseBuilder.php(1644): CodeIgniter\Database\BaseConnection->query('SELECT *
FROM `user`
JOIN `role` ON `user`.`id_role` = `role`.`id_role`
JOIN `perusahaan` ON `user`.`id_perusahaan` = `perusahaan`.`id_perusahaan`
WHERE `user`.`id_role` = :user.id_role:', [...], false)
 4 SYSTEMPATH\Model.php(286): CodeIgniter\Database\BaseBuilder->get()
 5 SYSTEMPATH\BaseModel.php(676): CodeIgniter\Model->doFindAll(0, 0)
 6 APPPATH\Controllers\Admin.php(45): CodeIgniter\BaseModel->findAll()
 7 SYSTEMPATH\CodeIgniter.php(933): App\Controllers\Admin->data_user()
 8 SYSTEMPATH\CodeIgniter.php(509): CodeIgniter\CodeIgniter->runController(Object(App\Controllers\Admin))
 9 SYSTEMPATH\CodeIgniter.php(355): CodeIgniter\CodeIgniter->handleRequest(null, Object(Config\Cache), false)
10 SYSTEMPATH\Boot.php(325): CodeIgniter\CodeIgniter->run()
11 SYSTEMPATH\Boot.php(67): CodeIgniter\Boot::runCodeIgniter(Object(CodeIgniter\CodeIgniter))
12 FCPATH\index.php(56): CodeIgniter\Boot::bootWeb(Object(Config\Paths))
13 SYSTEMPATH\rewrite.php(44): require_once('C:\\laragon\\www\\psikotest\\public\\index.php')
CRITICAL - 2024-11-05 04:03:57 --> [Caused by] mysqli_sql_exception: Unknown column 'user.id_perusahaan' in 'on clause'
in SYSTEMPATH\Database\MySQLi\Connection.php on line 312.
 1 SYSTEMPATH\Database\MySQLi\Connection.php(312): mysqli->query('SELECT *
FROM `user`
JOIN `role` ON `user`.`id_role` = `role`.`id_role`
JOIN `perusahaan` ON `user`.`id_perusahaan` = `perusahaan`.`id_perusahaan`
WHERE `user`.`id_role` = 2', 0)
 2 SYSTEMPATH\Database\BaseConnection.php(734): CodeIgniter\Database\MySQLi\Connection->execute('SELECT *
FROM `user`
JOIN `role` ON `user`.`id_role` = `role`.`id_role`
JOIN `perusahaan` ON `user`.`id_perusahaan` = `perusahaan`.`id_perusahaan`
WHERE `user`.`id_role` = 2')
 3 SYSTEMPATH\Database\BaseConnection.php(648): CodeIgniter\Database\BaseConnection->simpleQuery('SELECT *
FROM `user`
JOIN `role` ON `user`.`id_role` = `role`.`id_role`
JOIN `perusahaan` ON `user`.`id_perusahaan` = `perusahaan`.`id_perusahaan`
WHERE `user`.`id_role` = 2')
 4 SYSTEMPATH\Database\BaseBuilder.php(1644): CodeIgniter\Database\BaseConnection->query('SELECT *
FROM `user`
JOIN `role` ON `user`.`id_role` = `role`.`id_role`
JOIN `perusahaan` ON `user`.`id_perusahaan` = `perusahaan`.`id_perusahaan`
WHERE `user`.`id_role` = :user.id_role:', [...], false)
 5 SYSTEMPATH\Model.php(286): CodeIgniter\Database\BaseBuilder->get()
 6 SYSTEMPATH\BaseModel.php(676): CodeIgniter\Model->doFindAll(0, 0)
 7 APPPATH\Controllers\Admin.php(45): CodeIgniter\BaseModel->findAll()
 8 SYSTEMPATH\CodeIgniter.php(933): App\Controllers\Admin->data_user()
 9 SYSTEMPATH\CodeIgniter.php(509): CodeIgniter\CodeIgniter->runController(Object(App\Controllers\Admin))
10 SYSTEMPATH\CodeIgniter.php(355): CodeIgniter\CodeIgniter->handleRequest(null, Object(Config\Cache), false)
11 SYSTEMPATH\Boot.php(325): CodeIgniter\CodeIgniter->run()
12 SYSTEMPATH\Boot.php(67): CodeIgniter\Boot::runCodeIgniter(Object(CodeIgniter\CodeIgniter))
13 FCPATH\index.php(56): CodeIgniter\Boot::bootWeb(Object(Config\Paths))
14 SYSTEMPATH\rewrite.php(44): require_once('C:\\laragon\\www\\psikotest\\public\\index.php')
INFO - 2024-11-05 04:04:55 --> Session: Class initialized using 'CodeIgniter\Session\Handlers\FileHandler' driver.
ERROR - 2024-11-05 04:05:05 --> mysqli_sql_exception: Unknown column 'user.id_perusahaan' in 'on clause' in C:\laragon\www\psikotest\vendor\codeigniter4\framework\system\Database\MySQLi\Connection.php:312
Stack trace:
#0 C:\laragon\www\psikotest\vendor\codeigniter4\framework\system\Database\MySQLi\Connection.php(312): mysqli->query('SELECT *\nFROM `...', 0)
#1 C:\laragon\www\psikotest\vendor\codeigniter4\framework\system\Database\BaseConnection.php(734): CodeIgniter\Database\MySQLi\Connection->execute('SELECT *\nFROM `...')
#2 C:\laragon\www\psikotest\vendor\codeigniter4\framework\system\Database\BaseConnection.php(648): CodeIgniter\Database\BaseConnection->simpleQuery('SELECT *\nFROM `...')
#3 C:\laragon\www\psikotest\vendor\codeigniter4\framework\system\Database\BaseBuilder.php(1644): CodeIgniter\Database\BaseConnection->query('SELECT *\nFROM `...', Array, false)
#4 C:\laragon\www\psikotest\vendor\codeigniter4\framework\system\Model.php(286): CodeIgniter\Database\BaseBuilder->get()
#5 C:\laragon\www\psikotest\vendor\codeigniter4\framework\system\BaseModel.php(676): CodeIgniter\Model->doFindAll(0, 0)
#6 C:\laragon\www\psikotest\app\Controllers\Admin.php(46): CodeIgniter\BaseModel->findAll()
#7 C:\laragon\www\psikotest\vendor\codeigniter4\framework\system\CodeIgniter.php(933): App\Controllers\Admin->data_user()
#8 C:\laragon\www\psikotest\vendor\codeigniter4\framework\system\CodeIgniter.php(509): CodeIgniter\CodeIgniter->runController(Object(App\Controllers\Admin))
#9 C:\laragon\www\psikotest\vendor\codeigniter4\framework\system\CodeIgniter.php(355): CodeIgniter\CodeIgniter->handleRequest(NULL, Object(Config\Cache), false)
#10 C:\laragon\www\psikotest\vendor\codeigniter4\framework\system\Boot.php(325): CodeIgniter\CodeIgniter->run()
#11 C:\laragon\www\psikotest\vendor\codeigniter4\framework\system\Boot.php(67): CodeIgniter\Boot::runCodeIgniter(Object(CodeIgniter\CodeIgniter))
#12 C:\laragon\www\psikotest\public\index.php(56): CodeIgniter\Boot::bootWeb(Object(Config\Paths))
#13 C:\laragon\www\psikotest\vendor\codeigniter4\framework\system\rewrite.php(44): require_once('C:\\laragon\\www\\...')
#14 {main}
CRITICAL - 2024-11-05 04:05:05 --> CodeIgniter\Database\Exceptions\DatabaseException: Unknown column 'user.id_perusahaan' in 'on clause'
[Method: GET, Route: admin/data_user]
in SYSTEMPATH\Database\BaseConnection.php on line 688.
 1 SYSTEMPATH\Database\BaseBuilder.php(1644): CodeIgniter\Database\BaseConnection->query('SELECT *
FROM `user`
JOIN `role` ON `user`.`id_role` = `role`.`id_role`
JOIN `perusahaan` ON `user`.`id_perusahaan` = `perusahaan`.`id_perusahaan`
JOIN `data_diri` ON `user`.`id_data_diri` = `data_diri`.`id_data_diri`
WHERE `user`.`id_role` = :user.id_role:', [...], false)
 2 SYSTEMPATH\Model.php(286): CodeIgniter\Database\BaseBuilder->get()
 3 SYSTEMPATH\BaseModel.php(676): CodeIgniter\Model->doFindAll(0, 0)
 4 APPPATH\Controllers\Admin.php(46): CodeIgniter\BaseModel->findAll()
 5 SYSTEMPATH\CodeIgniter.php(933): App\Controllers\Admin->data_user()
 6 SYSTEMPATH\CodeIgniter.php(509): CodeIgniter\CodeIgniter->runController(Object(App\Controllers\Admin))
 7 SYSTEMPATH\CodeIgniter.php(355): CodeIgniter\CodeIgniter->handleRequest(null, Object(Config\Cache), false)
 8 SYSTEMPATH\Boot.php(325): CodeIgniter\CodeIgniter->run()
 9 SYSTEMPATH\Boot.php(67): CodeIgniter\Boot::runCodeIgniter(Object(CodeIgniter\CodeIgniter))
10 FCPATH\index.php(56): CodeIgniter\Boot::bootWeb(Object(Config\Paths))
11 SYSTEMPATH\rewrite.php(44): require_once('C:\\laragon\\www\\psikotest\\public\\index.php')
CRITICAL - 2024-11-05 04:05:05 --> [Caused by] CodeIgniter\Database\Exceptions\DatabaseException: Unknown column 'user.id_perusahaan' in 'on clause'
in SYSTEMPATH\Database\MySQLi\Connection.php on line 317.
 1 SYSTEMPATH\Database\BaseConnection.php(734): CodeIgniter\Database\MySQLi\Connection->execute('SELECT *
FROM `user`
JOIN `role` ON `user`.`id_role` = `role`.`id_role`
JOIN `perusahaan` ON `user`.`id_perusahaan` = `perusahaan`.`id_perusahaan`
JOIN `data_diri` ON `user`.`id_data_diri` = `data_diri`.`id_data_diri`
WHERE `user`.`id_role` = 2')
 2 SYSTEMPATH\Database\BaseConnection.php(648): CodeIgniter\Database\BaseConnection->simpleQuery('SELECT *
FROM `user`
JOIN `role` ON `user`.`id_role` = `role`.`id_role`
JOIN `perusahaan` ON `user`.`id_perusahaan` = `perusahaan`.`id_perusahaan`
JOIN `data_diri` ON `user`.`id_data_diri` = `data_diri`.`id_data_diri`
WHERE `user`.`id_role` = 2')
 3 SYSTEMPATH\Database\BaseBuilder.php(1644): CodeIgniter\Database\BaseConnection->query('SELECT *
FROM `user`
JOIN `role` ON `user`.`id_role` = `role`.`id_role`
JOIN `perusahaan` ON `user`.`id_perusahaan` = `perusahaan`.`id_perusahaan`
JOIN `data_diri` ON `user`.`id_data_diri` = `data_diri`.`id_data_diri`
WHERE `user`.`id_role` = :user.id_role:', [...], false)
 4 SYSTEMPATH\Model.php(286): CodeIgniter\Database\BaseBuilder->get()
 5 SYSTEMPATH\BaseModel.php(676): CodeIgniter\Model->doFindAll(0, 0)
 6 APPPATH\Controllers\Admin.php(46): CodeIgniter\BaseModel->findAll()
 7 SYSTEMPATH\CodeIgniter.php(933): App\Controllers\Admin->data_user()
 8 SYSTEMPATH\CodeIgniter.php(509): CodeIgniter\CodeIgniter->runController(Object(App\Controllers\Admin))
 9 SYSTEMPATH\CodeIgniter.php(355): CodeIgniter\CodeIgniter->handleRequest(null, Object(Config\Cache), false)
10 SYSTEMPATH\Boot.php(325): CodeIgniter\CodeIgniter->run()
11 SYSTEMPATH\Boot.php(67): CodeIgniter\Boot::runCodeIgniter(Object(CodeIgniter\CodeIgniter))
12 FCPATH\index.php(56): CodeIgniter\Boot::bootWeb(Object(Config\Paths))
13 SYSTEMPATH\rewrite.php(44): require_once('C:\\laragon\\www\\psikotest\\public\\index.php')
CRITICAL - 2024-11-05 04:05:05 --> [Caused by] mysqli_sql_exception: Unknown column 'user.id_perusahaan' in 'on clause'
in SYSTEMPATH\Database\MySQLi\Connection.php on line 312.
 1 SYSTEMPATH\Database\MySQLi\Connection.php(312): mysqli->query('SELECT *
FROM `user`
JOIN `role` ON `user`.`id_role` = `role`.`id_role`
JOIN `perusahaan` ON `user`.`id_perusahaan` = `perusahaan`.`id_perusahaan`
JOIN `data_diri` ON `user`.`id_data_diri` = `data_diri`.`id_data_diri`
WHERE `user`.`id_role` = 2', 0)
 2 SYSTEMPATH\Database\BaseConnection.php(734): CodeIgniter\Database\MySQLi\Connection->execute('SELECT *
FROM `user`
JOIN `role` ON `user`.`id_role` = `role`.`id_role`
JOIN `perusahaan` ON `user`.`id_perusahaan` = `perusahaan`.`id_perusahaan`
JOIN `data_diri` ON `user`.`id_data_diri` = `data_diri`.`id_data_diri`
WHERE `user`.`id_role` = 2')
 3 SYSTEMPATH\Database\BaseConnection.php(648): CodeIgniter\Database\BaseConnection->simpleQuery('SELECT *
FROM `user`
JOIN `role` ON `user`.`id_role` = `role`.`id_role`
JOIN `perusahaan` ON `user`.`id_perusahaan` = `perusahaan`.`id_perusahaan`
JOIN `data_diri` ON `user`.`id_data_diri` = `data_diri`.`id_data_diri`
WHERE `user`.`id_role` = 2')
 4 SYSTEMPATH\Database\BaseBuilder.php(1644): CodeIgniter\Database\BaseConnection->query('SELECT *
FROM `user`
JOIN `role` ON `user`.`id_role` = `role`.`id_role`
JOIN `perusahaan` ON `user`.`id_perusahaan` = `perusahaan`.`id_perusahaan`
JOIN `data_diri` ON `user`.`id_data_diri` = `data_diri`.`id_data_diri`
WHERE `user`.`id_role` = :user.id_role:', [...], false)
 5 SYSTEMPATH\Model.php(286): CodeIgniter\Database\BaseBuilder->get()
 6 SYSTEMPATH\BaseModel.php(676): CodeIgniter\Model->doFindAll(0, 0)
 7 APPPATH\Controllers\Admin.php(46): CodeIgniter\BaseModel->findAll()
 8 SYSTEMPATH\CodeIgniter.php(933): App\Controllers\Admin->data_user()
 9 SYSTEMPATH\CodeIgniter.php(509): CodeIgniter\CodeIgniter->runController(Object(App\Controllers\Admin))
10 SYSTEMPATH\CodeIgniter.php(355): CodeIgniter\CodeIgniter->handleRequest(null, Object(Config\Cache), false)
11 SYSTEMPATH\Boot.php(325): CodeIgniter\CodeIgniter->run()
12 SYSTEMPATH\Boot.php(67): CodeIgniter\Boot::runCodeIgniter(Object(CodeIgniter\CodeIgniter))
13 FCPATH\index.php(56): CodeIgniter\Boot::bootWeb(Object(Config\Paths))
14 SYSTEMPATH\rewrite.php(44): require_once('C:\\laragon\\www\\psikotest\\public\\index.php')
INFO - 2024-11-05 04:06:08 --> Session: Class initialized using 'CodeIgniter\Session\Handlers\FileHandler' driver.
INFO - 2024-11-05 04:06:38 --> Session: Class initialized using 'CodeIgniter\Session\Handlers\FileHandler' driver.
INFO - 2024-11-05 04:09:12 --> Session: Class initialized using 'CodeIgniter\Session\Handlers\FileHandler' driver.
INFO - 2024-11-05 04:19:03 --> Session: Class initialized using 'CodeIgniter\Session\Handlers\FileHandler' driver.
INFO - 2024-11-05 04:20:04 --> Session: Class initialized using 'CodeIgniter\Session\Handlers\FileHandler' driver.
INFO - 2024-11-05 04:25:00 --> Session: Class initialized using 'CodeIgniter\Session\Handlers\FileHandler' driver.
INFO - 2024-11-05 04:26:29 --> Session: Class initialized using 'CodeIgniter\Session\Handlers\FileHandler' driver.
INFO - 2024-11-05 04:30:11 --> Session: Class initialized using 'CodeIgniter\Session\Handlers\FileHandler' driver.
INFO - 2024-11-05 04:33:28 --> Session: Class initialized using 'CodeIgniter\Session\Handlers\FileHandler' driver.
INFO - 2024-11-05 04:36:53 --> Session: Class initialized using 'CodeIgniter\Session\Handlers\FileHandler' driver.
INFO - 2024-11-05 04:37:50 --> Session: Class initialized using 'CodeIgniter\Session\Handlers\FileHandler' driver.
INFO - 2024-11-05 05:50:49 --> Session: Class initialized using 'CodeIgniter\Session\Handlers\FileHandler' driver.
INFO - 2024-11-05 05:52:01 --> Session: Class initialized using 'CodeIgniter\Session\Handlers\FileHandler' driver.
INFO - 2024-11-05 05:53:04 --> Session: Class initialized using 'CodeIgniter\Session\Handlers\FileHandler' driver.
INFO - 2024-11-05 05:53:31 --> Session: Class initialized using 'CodeIgniter\Session\Handlers\FileHandler' driver.
INFO - 2024-11-05 05:53:49 --> Session: Class initialized using 'CodeIgniter\Session\Handlers\FileHandler' driver.
INFO - 2024-11-05 05:54:08 --> Session: Class initialized using 'CodeIgniter\Session\Handlers\FileHandler' driver.
INFO - 2024-11-05 05:54:38 --> Session: Class initialized using 'CodeIgniter\Session\Handlers\FileHandler' driver.
INFO - 2024-11-05 05:57:12 --> Session: Class initialized using 'CodeIgniter\Session\Handlers\FileHandler' driver.
INFO - 2024-11-05 06:03:52 --> Session: Class initialized using 'CodeIgniter\Session\Handlers\FileHandler' driver.
INFO - 2024-11-05 06:04:44 --> Session: Class initialized using 'CodeIgniter\Session\Handlers\FileHandler' driver.
INFO - 2024-11-05 06:06:30 --> Session: Class initialized using 'CodeIgniter\Session\Handlers\FileHandler' driver.
INFO - 2024-11-05 06:08:40 --> Session: Class initialized using 'CodeIgniter\Session\Handlers\FileHandler' driver.
INFO - 2024-11-05 06:09:23 --> Session: Class initialized using 'CodeIgniter\Session\Handlers\FileHandler' driver.
INFO - 2024-11-05 06:10:05 --> Session: Class initialized using 'CodeIgniter\Session\Handlers\FileHandler' driver.
